<?xml version="1.0" encoding="UTF-8"?>
<robot generator="Robot 3.2.2 (Python 3.9.0 on win32)" generated="20220530 10:25:09.773" rpa="false">
<suite id="s1" name="Suites">
<suite id="s1-s1" name="9Frames" source="C:\Users\parma\PycharmProjects\Automation\TestSuite\9Frames.robot">
<test id="s1-s1-t1" name="Handling Frames">
<kw name="Open Browser" library="SeleniumLibrary">
<doc>Opens a new browser instance to the given ``url``.</doc>
<arguments>
<arg>https://www.selenium.dev/selenium/docs/api/java/index.html?overview-summary.html</arg>
<arg>chrome</arg>
</arguments>
<msg timestamp="20220530 10:25:10.218" level="INFO">Opening browser 'chrome' to base url 'https://www.selenium.dev/selenium/docs/api/java/index.html?overview-summary.html'.</msg>
<status status="PASS" starttime="20220530 10:25:10.217" endtime="20220530 10:25:14.460"></status>
</kw>
<kw name="Select Frame" library="SeleniumLibrary">
<doc>Sets frame identified by ``locator`` as the current frame.</doc>
<arguments>
<arg>packageListFrame</arg>
</arguments>
<msg timestamp="20220530 10:25:14.462" level="INFO">Selecting frame 'packageListFrame'.</msg>
<status status="PASS" starttime="20220530 10:25:14.461" endtime="20220530 10:25:14.501"></status>
</kw>
<kw name="Click Link" library="SeleniumLibrary">
<doc>Clicks a link identified by ``locator``.</doc>
<arguments>
<arg>org.openqa.selenium</arg>
</arguments>
<msg timestamp="20220530 10:25:14.501" level="INFO">Clicking link 'org.openqa.selenium'.</msg>
<status status="PASS" starttime="20220530 10:25:14.501" endtime="20220530 10:25:14.642"></status>
</kw>
<kw name="Unselect Frame" library="SeleniumLibrary">
<doc>Sets the main frame as the current frame.</doc>
<status status="PASS" starttime="20220530 10:25:14.643" endtime="20220530 10:25:14.661"></status>
</kw>
<kw name="Sleep" library="BuiltIn">
<doc>Pauses the test executed for the given time.</doc>
<arguments>
<arg>2</arg>
</arguments>
<msg timestamp="20220530 10:25:16.670" level="INFO">Slept 2 seconds</msg>
<status status="PASS" starttime="20220530 10:25:14.661" endtime="20220530 10:25:16.670"></status>
</kw>
<kw name="Select Frame" library="SeleniumLibrary">
<doc>Sets frame identified by ``locator`` as the current frame.</doc>
<arguments>
<arg>packageFrame</arg>
</arguments>
<msg timestamp="20220530 10:25:16.670" level="INFO">Selecting frame 'packageFrame'.</msg>
<status status="PASS" starttime="20220530 10:25:16.670" endtime="20220530 10:25:16.697"></status>
</kw>
<kw name="Click Link" library="SeleniumLibrary">
<doc>Clicks a link identified by ``locator``.</doc>
<arguments>
<arg>WebDriver</arg>
</arguments>
<msg timestamp="20220530 10:25:16.698" level="INFO">Clicking link 'WebDriver'.</msg>
<status status="PASS" starttime="20220530 10:25:16.697" endtime="20220530 10:25:16.779"></status>
</kw>
<kw name="Unselect Frame" library="SeleniumLibrary">
<doc>Sets the main frame as the current frame.</doc>
<status status="PASS" starttime="20220530 10:25:16.780" endtime="20220530 10:25:16.785"></status>
</kw>
<kw name="Sleep" library="BuiltIn">
<doc>Pauses the test executed for the given time.</doc>
<arguments>
<arg>2</arg>
</arguments>
<msg timestamp="20220530 10:25:18.801" level="INFO">Slept 2 seconds</msg>
<status status="PASS" starttime="20220530 10:25:16.785" endtime="20220530 10:25:18.801"></status>
</kw>
<kw name="Select Frame" library="SeleniumLibrary">
<doc>Sets frame identified by ``locator`` as the current frame.</doc>
<arguments>
<arg>classFrame</arg>
</arguments>
<msg timestamp="20220530 10:25:18.801" level="INFO">Selecting frame 'classFrame'.</msg>
<status status="PASS" starttime="20220530 10:25:18.801" endtime="20220530 10:25:18.817"></status>
</kw>
<kw name="Click Link" library="SeleniumLibrary">
<doc>Clicks a link identified by ``locator``.</doc>
<arguments>
<arg>Help</arg>
</arguments>
<msg timestamp="20220530 10:25:18.817" level="INFO">Clicking link 'Help'.</msg>
<status status="PASS" starttime="20220530 10:25:18.817" endtime="20220530 10:25:19.460"></status>
</kw>
<kw name="Unselect Frame" library="SeleniumLibrary">
<doc>Sets the main frame as the current frame.</doc>
<status status="PASS" starttime="20220530 10:25:19.461" endtime="20220530 10:25:19.472"></status>
</kw>
<kw name="Sleep" library="BuiltIn">
<doc>Pauses the test executed for the given time.</doc>
<arguments>
<arg>2</arg>
</arguments>
<msg timestamp="20220530 10:25:21.486" level="INFO">Slept 2 seconds</msg>
<status status="PASS" starttime="20220530 10:25:19.472" endtime="20220530 10:25:21.486"></status>
</kw>
<kw name="Close Browser" library="SeleniumLibrary">
<doc>Closes the current browser.</doc>
<status status="PASS" starttime="20220530 10:25:21.486" endtime="20220530 10:25:23.601"></status>
</kw>
<status status="PASS" starttime="20220530 10:25:10.217" endtime="20220530 10:25:23.601" critical="yes"></status>
</test>
<status status="PASS" starttime="20220530 10:25:09.814" endtime="20220530 10:25:23.601"></status>
</suite>
<status status="PASS" starttime="20220530 10:25:09.787" endtime="20220530 10:25:23.601"></status>
</suite>
<statistics>
<total>
<stat pass="1" fail="0">Critical Tests</stat>
<stat pass="1" fail="0">All Tests</stat>
</total>
<tag>
</tag>
<suite>
<stat pass="1" fail="0" id="s1" name="Suites">Suites</stat>
<stat pass="1" fail="0" id="s1-s1" name="9Frames">Suites.9Frames</stat>
</suite>
</statistics>
<errors>
</errors>
</robot>
