<?xml version="1.0" encoding="UTF-8"?>
<robot generator="Robot 3.2.2 (Python 3.9.0 on win32)" generated="20220530 10:22:57.175" rpa="false">
<suite id="s1" name="Suites">
<suite id="s1-s1" name="14MouseOperation" source="C:\Users\parma\PycharmProjects\Automation\TestSuite\14MouseOperation.robot">
<test id="s1-s1-t1" name="MouseActions">
<kw name="Open Browser" library="SeleniumLibrary">
<doc>Opens a new browser instance to the given ``url``.</doc>
<arguments>
<arg>https://swisnl.github.io/jQuery-contextMenu/demo.html</arg>
<arg>chrome</arg>
</arguments>
<msg timestamp="20220530 10:22:57.346" level="INFO">Opening browser 'chrome' to base url 'https://swisnl.github.io/jQuery-contextMenu/demo.html'.</msg>
<status status="PASS" starttime="20220530 10:22:57.346" endtime="20220530 10:23:00.219"></status>
</kw>
<kw name="Maximize Browser Window" library="SeleniumLibrary">
<doc>Maximizes current browser window.</doc>
<status status="PASS" starttime="20220530 10:23:00.220" endtime="20220530 10:23:00.335"></status>
</kw>
<kw name="Open Context Menu" library="SeleniumLibrary">
<doc>Opens context menu on element identified by ``locator``.</doc>
<arguments>
<arg>xpath://span[@class="context-menu-one btn btn-neutral"]</arg>
</arguments>
<status status="PASS" starttime="20220530 10:23:00.335" endtime="20220530 10:23:00.629"></status>
</kw>
<kw name="Sleep" library="BuiltIn">
<doc>Pauses the test executed for the given time.</doc>
<arguments>
<arg>2</arg>
</arguments>
<msg timestamp="20220530 10:23:02.636" level="INFO">Slept 2 seconds</msg>
<status status="PASS" starttime="20220530 10:23:00.630" endtime="20220530 10:23:02.636"></status>
</kw>
<kw name="Go To" library="SeleniumLibrary">
<doc>Navigates the active browser instance to the provided ``url``.</doc>
<arguments>
<arg>https://testautomationpractice.blogspot.com/</arg>
</arguments>
<msg timestamp="20220530 10:23:02.637" level="INFO">Opening url 'https://testautomationpractice.blogspot.com/'</msg>
<status status="PASS" starttime="20220530 10:23:02.636" endtime="20220530 10:23:08.666"></status>
</kw>
<kw name="Maximize Browser Window" library="SeleniumLibrary">
<doc>Maximizes current browser window.</doc>
<status status="PASS" starttime="20220530 10:23:08.666" endtime="20220530 10:23:08.668"></status>
</kw>
<kw name="Double Click Element" library="SeleniumLibrary">
<doc>Double click element identified by ``locator``.</doc>
<arguments>
<arg>xpath://button[@ondblclick='myFunction1()']</arg>
</arguments>
<msg timestamp="20220530 10:23:08.668" level="INFO">Double clicking element 'xpath://button[@ondblclick='myFunction1()']'.</msg>
<status status="PASS" starttime="20220530 10:23:08.668" endtime="20220530 10:23:08.957"></status>
</kw>
<kw name="Sleep" library="BuiltIn">
<doc>Pauses the test executed for the given time.</doc>
<arguments>
<arg>2</arg>
</arguments>
<msg timestamp="20220530 10:23:10.971" level="INFO">Slept 2 seconds</msg>
<status status="PASS" starttime="20220530 10:23:08.957" endtime="20220530 10:23:10.971"></status>
</kw>
<kw name="Go To" library="SeleniumLibrary">
<doc>Navigates the active browser instance to the provided ``url``.</doc>
<arguments>
<arg>http://www.dhtmlgoodies.com/scripts/drag-drop-custom/demo-drag-drop-3.html</arg>
</arguments>
<msg timestamp="20220530 10:23:10.972" level="INFO">Opening url 'http://www.dhtmlgoodies.com/scripts/drag-drop-custom/demo-drag-drop-3.html'</msg>
<status status="PASS" starttime="20220530 10:23:10.972" endtime="20220530 10:23:15.585"></status>
</kw>
<kw name="Maximize Browser Window" library="SeleniumLibrary">
<doc>Maximizes current browser window.</doc>
<status status="PASS" starttime="20220530 10:23:15.585" endtime="20220530 10:23:15.587"></status>
</kw>
<kw name="Drag And Drop" library="SeleniumLibrary">
<doc>Drags element identified by ``locator`` into ``target`` element.</doc>
<arguments>
<arg>id:box6</arg>
<arg>id:box106</arg>
</arguments>
<status status="PASS" starttime="20220530 10:23:15.587" endtime="20220530 10:23:16.139"></status>
</kw>
<kw name="Sleep" library="BuiltIn">
<doc>Pauses the test executed for the given time.</doc>
<arguments>
<arg>2</arg>
</arguments>
<msg timestamp="20220530 10:23:18.145" level="INFO">Slept 2 seconds</msg>
<status status="PASS" starttime="20220530 10:23:16.140" endtime="20220530 10:23:18.145"></status>
</kw>
<kw name="Close Browser" library="SeleniumLibrary">
<doc>Closes the current browser.</doc>
<status status="PASS" starttime="20220530 10:23:18.145" endtime="20220530 10:23:20.252"></status>
</kw>
<status status="PASS" starttime="20220530 10:22:57.345" endtime="20220530 10:23:20.253" critical="yes"></status>
</test>
<status status="PASS" starttime="20220530 10:22:57.199" endtime="20220530 10:23:20.253"></status>
</suite>
<status status="PASS" starttime="20220530 10:22:57.183" endtime="20220530 10:23:20.254"></status>
</suite>
<statistics>
<total>
<stat pass="1" fail="0">Critical Tests</stat>
<stat pass="1" fail="0">All Tests</stat>
</total>
<tag>
</tag>
<suite>
<stat pass="1" fail="0" id="s1" name="Suites">Suites</stat>
<stat pass="1" fail="0" id="s1-s1" name="14MouseOperation">Suites.14MouseOperation</stat>
</suite>
</statistics>
<errors>
</errors>
</robot>
