<?xml version="1.0" encoding="UTF-8"?>
<robot generator="Robot 3.2.2 (Python 3.9.0 on win32)" generated="20220530 10:24:38.760" rpa="false">
<suite id="s1" name="Suites">
<suite id="s1-s1" name="3Inputbox" source="C:\Users\parma\PycharmProjects\Automation\TestSuite\3Inputbox.robot">
<test id="s1-s1-t1" name="TestingInputBox">
<kw name="Open Browser" library="SeleniumLibrary">
<doc>Opens a new browser instance to the given ``url``.</doc>
<arguments>
<arg>${url}</arg>
<arg>${browser}</arg>
</arguments>
<msg timestamp="20220530 10:24:39.059" level="INFO">Opening browser 'chrome' to base url 'https://demo.nopcommerce.com/'.</msg>
<status status="PASS" starttime="20220530 10:24:39.058" endtime="20220530 10:24:41.359"></status>
</kw>
<kw name="Maximize Browser Window" library="SeleniumLibrary">
<doc>Maximizes current browser window.</doc>
<status status="PASS" starttime="20220530 10:24:41.359" endtime="20220530 10:24:41.480"></status>
</kw>
<kw name="Title Should Be" library="SeleniumLibrary">
<doc>Verifies that current page title equals ``title``.</doc>
<arguments>
<arg>nopCommerce demo store</arg>
</arguments>
<msg timestamp="20220530 10:24:41.485" level="INFO">Page title is 'nopCommerce demo store'.</msg>
<status status="PASS" starttime="20220530 10:24:41.481" endtime="20220530 10:24:41.486"></status>
</kw>
<kw name="Click Link" library="SeleniumLibrary">
<doc>Clicks a link identified by ``locator``.</doc>
<arguments>
<arg>xpath://a[@class='ico-login']</arg>
</arguments>
<msg timestamp="20220530 10:24:41.487" level="INFO">Clicking link 'xpath://a[@class='ico-login']'.</msg>
<status status="PASS" starttime="20220530 10:24:41.486" endtime="20220530 10:24:42.110"></status>
</kw>
<kw name="Set Variable" library="BuiltIn">
<doc>Returns the given values which can then be assigned to a variables.</doc>
<arguments>
<arg>id:Email</arg>
</arguments>
<assign>
<var>${"email_txt"}</var>
</assign>
<msg timestamp="20220530 10:24:42.111" level="INFO">${"email_txt"} = id:Email</msg>
<status status="PASS" starttime="20220530 10:24:42.110" endtime="20220530 10:24:42.111"></status>
</kw>
<kw name="Element Should Be Visible" library="SeleniumLibrary">
<doc>Verifies that the element identified by ``locator`` is visible.</doc>
<arguments>
<arg>${"email_txt"}</arg>
</arguments>
<msg timestamp="20220530 10:24:42.134" level="INFO">Element 'id:Email' is displayed.</msg>
<status status="PASS" starttime="20220530 10:24:42.112" endtime="20220530 10:24:42.134"></status>
</kw>
<kw name="Element Should Be Enabled" library="SeleniumLibrary">
<doc>Verifies that element identified with ``locator`` is enabled.</doc>
<arguments>
<arg>${"email_txt"}</arg>
</arguments>
<status status="PASS" starttime="20220530 10:24:42.134" endtime="20220530 10:24:42.161"></status>
</kw>
<kw name="Input Text" library="SeleniumLibrary">
<doc>Types the given ``text`` into text field identified by ``locator``.</doc>
<arguments>
<arg>${"email_txt"}</arg>
<arg>justpassing@gmail.com</arg>
</arguments>
<msg timestamp="20220530 10:24:42.162" level="INFO">Typing text 'justpassing@gmail.com' into text field 'id:Email'.</msg>
<status status="PASS" starttime="20220530 10:24:42.161" endtime="20220530 10:24:42.241"></status>
</kw>
<status status="PASS" starttime="20220530 10:24:39.058" endtime="20220530 10:24:42.241" critical="yes"></status>
</test>
<status status="PASS" starttime="20220530 10:24:38.788" endtime="20220530 10:24:42.242"></status>
</suite>
<status status="PASS" starttime="20220530 10:24:38.770" endtime="20220530 10:24:42.243"></status>
</suite>
<statistics>
<total>
<stat pass="1" fail="0">Critical Tests</stat>
<stat pass="1" fail="0">All Tests</stat>
</total>
<tag>
</tag>
<suite>
<stat pass="1" fail="0" id="s1" name="Suites">Suites</stat>
<stat pass="1" fail="0" id="s1-s1" name="3Inputbox">Suites.3Inputbox</stat>
</suite>
</statistics>
<errors>
</errors>
</robot>
