<?xml version="1.0" encoding="UTF-8"?>
<robot generator="Robot 3.2.2 (Python 3.9.0 on win32)" generated="20220530 10:22:51.628" rpa="false">
<suite id="s1" name="Suites">
<suite id="s1-s1" name="13CaptureScreenshot" source="C:\Users\parma\PycharmProjects\Automation\TestSuite\13CaptureScreenshot.robot">
<test id="s1-s1-t1" name="LogIn And Screencapture">
<kw name="Open Browser" library="SeleniumLibrary">
<doc>Opens a new browser instance to the given ``url``.</doc>
<arguments>
<arg>https://www.google.co.in/</arg>
<arg>chrome</arg>
</arguments>
<msg timestamp="20220530 10:22:51.863" level="INFO">Opening browser 'chrome' to base url 'https://www.google.co.in/'.</msg>
<status status="PASS" starttime="20220530 10:22:51.863" endtime="20220530 10:22:56.059"></status>
</kw>
<kw name="Maximize Browser Window" library="SeleniumLibrary">
<doc>Maximizes current browser window.</doc>
<status status="PASS" starttime="20220530 10:22:56.059" endtime="20220530 10:22:56.183"></status>
</kw>
<kw name="Input Text" library="SeleniumLibrary">
<doc>Types the given ``text`` into text field identified by ``locator``.</doc>
<arguments>
<arg>name=q</arg>
<arg>oyygoogle</arg>
</arguments>
<msg timestamp="20220530 10:22:56.183" level="INFO">Typing text 'oyygoogle' into text field 'name=q'.</msg>
<status status="PASS" starttime="20220530 10:22:56.183" endtime="20220530 10:22:56.271"></status>
</kw>
<kw name="Capture Element Screenshot" library="SeleniumLibrary">
<doc>Captures screenshot from the element identified by ``locator`` and embeds it into log file.</doc>
<arguments>
<arg>xpath://img[@class='lnXdpd']</arg>
<arg>loggoogle.png</arg>
</arguments>
<msg timestamp="20220530 10:22:56.343" level="INFO" html="yes">&lt;/td&gt;&lt;/tr&gt;&lt;tr&gt;&lt;td colspan="3"&gt;&lt;a href="loggoogle.png"&gt;&lt;img src="loggoogle.png" width="400px"&gt;&lt;/a&gt;</msg>
<status status="PASS" starttime="20220530 10:22:56.272" endtime="20220530 10:22:56.343"></status>
</kw>
<kw name="Capture Page Screenshot" library="SeleniumLibrary">
<doc>Takes screenshot of the current page and embeds it into log file.</doc>
<arguments>
<arg>google.png</arg>
</arguments>
<msg timestamp="20220530 10:22:56.638" level="INFO" html="yes">&lt;/td&gt;&lt;/tr&gt;&lt;tr&gt;&lt;td colspan="3"&gt;&lt;a href="google.png"&gt;&lt;img src="google.png" width="800px"&gt;&lt;/a&gt;</msg>
<status status="PASS" starttime="20220530 10:22:56.344" endtime="20220530 10:22:56.638"></status>
</kw>
<status status="PASS" starttime="20220530 10:22:51.863" endtime="20220530 10:22:56.638" critical="yes"></status>
</test>
<status status="PASS" starttime="20220530 10:22:51.686" endtime="20220530 10:22:56.639"></status>
</suite>
<status status="PASS" starttime="20220530 10:22:51.658" endtime="20220530 10:22:56.640"></status>
</suite>
<statistics>
<total>
<stat pass="1" fail="0">Critical Tests</stat>
<stat pass="1" fail="0">All Tests</stat>
</total>
<tag>
</tag>
<suite>
<stat pass="1" fail="0" id="s1" name="Suites">Suites</stat>
<stat pass="1" fail="0" id="s1-s1" name="13CaptureScreenshot">Suites.13CaptureScreenshot</stat>
</suite>
</statistics>
<errors>
</errors>
</robot>
