<?xml version="1.0" encoding="UTF-8"?>
<robot generator="Rebot 3.2.2 (Python 3.9.0 on win32)" generated="20220530 10:25:24.101" rpa="false">
<suite id="s1" name="Suites">
<suite id="s1-s1" name="10TabsWindows" source="C:\Users\parma\PycharmProjects\Automation\TestSuite\10TabsWindows.robot">
<test id="s1-s1-t1" name="Handling Tabs">
<kw name="Open Browser" library="SeleniumLibrary">
<doc>Opens a new browser instance to the given ``url``.</doc>
<arguments>
<arg>https://opensource-demo.orangehrmlive.com/</arg>
<arg>chrome</arg>
</arguments>
<msg timestamp="20220530 10:22:33.059" level="INFO">Opening browser 'chrome' to base url 'https://opensource-demo.orangehrmlive.com/'.</msg>
<status status="PASS" starttime="20220530 10:22:33.059" endtime="20220530 10:22:44.107"></status>
</kw>
<kw name="Click Link" library="SeleniumLibrary">
<doc>Clicks a link identified by ``locator``.</doc>
<arguments>
<arg>OrangeHRM, Inc</arg>
</arguments>
<msg timestamp="20220530 10:22:44.108" level="INFO">Clicking link 'OrangeHRM, Inc'.</msg>
<status status="PASS" starttime="20220530 10:22:44.107" endtime="20220530 10:22:44.206"></status>
</kw>
<kw name="Select Window" library="SeleniumLibrary">
<doc>Selects browser window matching ``locator``.</doc>
<arguments>
<arg>title=OrangeHRM HR Software | Free &amp; Open Source HR Software | HRMS | HRIS</arg>
</arguments>
<kw name="Capture Page Screenshot" library="SeleniumLibrary">
<doc>Takes screenshot of the current page and embeds it into log file.</doc>
<msg timestamp="20220530 10:22:50.971" level="FAIL">NoSuchWindowException: Message: no such window: target window already closed
from unknown error: web view not found
  (Session info: chrome=101.0.4951.67)
Stacktrace:
Backtrace:
	Ordinal0 [0x002BB8F3+2406643]
	Ordinal0 [0x0024AF31+1945393]
	Ordinal0 [0x0013C748+837448]
	Ordinal0 [0x001242B0+737968]
	Ordinal0 [0x00186C09+1141769]
	Ordinal0 [0x00193E22+1195554]
	Ordinal0 [0x00184096+1130646]
	Ordinal0 [0x0015E636+976438]
	Ordinal0 [0x0015F546+980294]
	GetHandleVerifier [0x00529612+2498066]
	GetHandleVerifier [0x0051C920+2445600]
	GetHandleVerifier [0x00354F2A+579370]
	GetHandleVerifier [0x00353D36+574774]
	Ordinal0 [0x00251C0B+1973259]
	Ordinal0 [0x00256688+1992328]
	Ordinal0 [0x00256775+1992565]
	Ordinal0 [0x0025F8D1+2029777]
	BaseThreadInitThunk [0x76816739+25]
	RtlGetFullPathName_UEx [0x77DF8FEF+1215]
	RtlGetFullPathName_UEx [0x77DF8FBD+1165]
	(No symbol) [0x00000000]
</msg>
<status status="FAIL" starttime="20220530 10:22:50.864" endtime="20220530 10:22:50.971"></status>
</kw>
<msg timestamp="20220530 10:22:50.972" level="WARN">Keyword 'Capture Page Screenshot' could not be run on failure: NoSuchWindowException: Message: no such window: target window already closed
from unknown error: web view not found
  (Session info: chrome=101.0.4951.67)
Stacktrace:
Backtrace:
	Ordinal0 [0x002BB8F3+2406643]
	Ordinal0 [0x0024AF31+1945393]
	Ordinal0 [0x0013C748+837448]
	Ordinal0 [0x001242B0+737968]
	Ordinal0 [0x00186C09+1141769]
	Ordinal0 [0x00193E22+1195554]
	Ordinal0 [0x00184096+1130646]
	Ordinal0 [0x0015E636+976438]
	Ordinal0 [0x0015F546+980294]
	GetHandleVerifier [0x00529612+2498066]
	GetHandleVerifier [0x0051C920+2445600]
	GetHandleVerifier [0x00354F2A+579370]
	GetHandleVerifier [0x00353D36+574774]
	Ordinal0 [0x00251C0B+1973259]
	Ordinal0 [0x00256688+1992328]
	Ordinal0 [0x00256775+1992565]
	Ordinal0 [0x0025F8D1+2029777]
	BaseThreadInitThunk [0x76816739+25]
	RtlGetFullPathName_UEx [0x77DF8FEF+1215]
	RtlGetFullPathName_UEx [0x77DF8FBD+1165]
	(No symbol) [0x00000000]
</msg>
<msg timestamp="20220530 10:22:50.973" level="INFO">Traceback (most recent call last):
    ~~~~~~~~~~~~~~~~~~~~~~~~~~~~~~~~~~~~~~~~~~~~~~~~~~~~~~~~~~~~~~~~~~~~~~~~~~
    File  C:\Users\parma\PycharmProjects\Automation\TestSuite\10TabsWindows.robot:5
    T:  Handling Tabs    
    ~~~~~~~~~~~~~~~~~~~~~~~~~~~~~~~~~~~~~~~~~~~~~~~~~~~~~~~~~~~~~~~~~~~~~~~~~~
    File  C:\Users\parma\PycharmProjects\Automation\TestSuite\10TabsWindows.robot:0
      Select Window    title=OrangeHRM HR Software | Free &amp; Open Source HR Software | HRMS | HRIS
    ~~~~~~~~~~~~~~~~~~~~~~~~~~~~~~~~~~~~~~~~~~~~~~~~~~~~~~~~~~~~~~~~~~~~~~~~~~
    File  c:\python\lib\site-packages\SeleniumLibrary\__init__.py:0
      Capture Page Screenshot    
______________________________________________________________________________</msg>
<msg timestamp="20220530 10:22:51.004" level="FAIL">TypeError: cannot unpack non-iterable NoneType object</msg>
<status status="FAIL" starttime="20220530 10:22:44.207" endtime="20220530 10:22:51.004"></status>
</kw>
<status status="FAIL" starttime="20220530 10:22:33.058" endtime="20220530 10:22:51.005" critical="yes">TypeError: cannot unpack non-iterable NoneType object</status>
</test>
<status status="FAIL" starttime="20220530 10:22:32.886" endtime="20220530 10:22:51.006"></status>
</suite>
<suite id="s1-s2" name="1LogIn" source="C:\Users\parma\PycharmProjects\Automation\TestSuite\1LogIn.robot">
<test id="s1-s2-t1" name="LoginTest">
<kw name="Open Browser" library="SeleniumLibrary">
<doc>Opens a new browser instance to the given ``url``.</doc>
<arguments>
<arg>https://v3app.lifeisgoodforlearner.com/login</arg>
<arg>Chrome</arg>
</arguments>
<msg timestamp="20220530 10:23:33.288" level="INFO">Opening browser 'Chrome' to base url 'https://v3app.lifeisgoodforlearner.com/login'.</msg>
<status status="PASS" starttime="20220530 10:23:33.288" endtime="20220530 10:23:39.818"></status>
</kw>
<kw name="Input Text" library="SeleniumLibrary">
<doc>Types the given ``text`` into text field identified by ``locator``.</doc>
<arguments>
<arg>name:email</arg>
<arg>testing.sapna@gmail.com</arg>
</arguments>
<msg timestamp="20220530 10:23:39.818" level="INFO">Typing text 'testing.sapna@gmail.com' into text field 'name:email'.</msg>
<status status="PASS" starttime="20220530 10:23:39.818" endtime="20220530 10:23:39.970"></status>
</kw>
<kw name="Input Text" library="SeleniumLibrary">
<doc>Types the given ``text`` into text field identified by ``locator``.</doc>
<arguments>
<arg>name:password</arg>
<arg>Demo@123</arg>
</arguments>
<msg timestamp="20220530 10:23:39.971" level="INFO">Typing text 'Demo@123' into text field 'name:password'.</msg>
<status status="PASS" starttime="20220530 10:23:39.970" endtime="20220530 10:23:40.062"></status>
</kw>
<kw name="Click Element" library="SeleniumLibrary">
<doc>Click element identified by ``locator``.</doc>
<arguments>
<arg>xpath://button[@type='submit']</arg>
</arguments>
<msg timestamp="20220530 10:23:40.063" level="INFO">Clicking element 'xpath://button[@type='submit']'.</msg>
<status status="PASS" starttime="20220530 10:23:40.063" endtime="20220530 10:23:40.122"></status>
</kw>
<status status="PASS" starttime="20220530 10:23:33.287" endtime="20220530 10:23:40.122" critical="yes"></status>
</test>
<status status="PASS" starttime="20220530 10:23:33.134" endtime="20220530 10:23:40.123"></status>
</suite>
<suite id="s1-s3" name="20GetAllLinks" source="C:\Users\parma\PycharmProjects\Automation\TestSuite\20GetAllLinks.robot">
<test id="s1-s3-t1" name="Get all the links in the webpage">
<kw name="Open Browser" library="SeleniumLibrary">
<doc>Opens a new browser instance to the given ``url``.</doc>
<arguments>
<arg>https://www.amazon.in/</arg>
<arg>chrome</arg>
</arguments>
<msg timestamp="20220530 10:23:38.177" level="INFO">Opening browser 'chrome' to base url 'https://www.amazon.in/'.</msg>
<status status="PASS" starttime="20220530 10:23:38.176" endtime="20220530 10:23:49.523"></status>
</kw>
<kw name="Maximize Browser Window" library="SeleniumLibrary">
<doc>Maximizes current browser window.</doc>
<status status="PASS" starttime="20220530 10:23:49.523" endtime="20220530 10:23:49.693"></status>
</kw>
<kw name="Get Element Count" library="SeleniumLibrary">
<doc>Returns number of elements matching ``locator``.</doc>
<arguments>
<arg>xpath://a</arg>
</arguments>
<assign>
<var>${alllinkcount}</var>
</assign>
<msg timestamp="20220530 10:23:49.693" level="WARN">Keyword 'Get Element Count' found both from a custom test library 'SeleniumLibrary' and a standard library 'XML'. The custom keyword is used. To select explicitly, and to get rid of this warning, use either 'SeleniumLibrary.Get Element Count' or 'XML.Get Element Count'.</msg>
<msg timestamp="20220530 10:23:49.747" level="INFO">${alllinkcount} = 365</msg>
<status status="PASS" starttime="20220530 10:23:49.693" endtime="20220530 10:23:49.747"></status>
</kw>
<kw name="Log To Console" library="BuiltIn">
<doc>Logs the given message to the console.</doc>
<arguments>
<arg>${alllinkcount}</arg>
</arguments>
<status status="PASS" starttime="20220530 10:23:49.748" endtime="20220530 10:23:49.750"></status>
</kw>
<kw name="Create List" library="BuiltIn">
<doc>Returns a list containing given items.</doc>
<assign>
<var>@{linktext}</var>
</assign>
<msg timestamp="20220530 10:23:49.752" level="INFO">@{linktext} = [ ]</msg>
<status status="PASS" starttime="20220530 10:23:49.751" endtime="20220530 10:23:49.752"></status>
</kw>
<kw name="${i} IN RANGE [ 1 | ${alllinkcount} ]" type="for">
<msg timestamp="20220530 10:23:49.753" level="WARN">Error in file 'C:\Users\parma\PycharmProjects\Automation\TestSuite\20GetAllLinks.robot' in FOR loop starting on line 14: For loop header ':FOR' is deprecated. Use 'FOR' instead.</msg>
<msg timestamp="20220530 10:23:49.753" level="WARN">Error in file 'C:\Users\parma\PycharmProjects\Automation\TestSuite\20GetAllLinks.robot' in FOR loop starting on line 14: Marking for loop body with '\' is deprecated. Remove markers and use 'END' instead.</msg>
<kw name="${i} = 1" type="foritem">
<kw name="Get Text" library="SeleniumLibrary">
<doc>Returns the text value of element identified by ``locator``.</doc>
<arguments>
<arg>xpath:(//a)[${i}]</arg>
</arguments>
<assign>
<var>${linktext}</var>
</assign>
<msg timestamp="20220530 10:23:49.895" level="INFO">${linktext} = </msg>
<status status="PASS" starttime="20220530 10:23:49.756" endtime="20220530 10:23:49.895"></status>
</kw>
<kw name="Log To Console" library="BuiltIn">
<doc>Logs the given message to the console.</doc>
<arguments>
<arg>${linktext}</arg>
</arguments>
<status status="PASS" starttime="20220530 10:23:49.896" endtime="20220530 10:23:49.898"></status>
</kw>
<status status="PASS" starttime="20220530 10:23:49.755" endtime="20220530 10:23:49.898"></status>
</kw>
<kw name="${i} = 2" type="foritem">
<kw name="Get Text" library="SeleniumLibrary">
<doc>Returns the text value of element identified by ``locator``.</doc>
<arguments>
<arg>xpath:(//a)[${i}]</arg>
</arguments>
<assign>
<var>${linktext}</var>
</assign>
<msg timestamp="20220530 10:23:49.941" level="INFO">${linktext} = Skip to main content</msg>
<status status="PASS" starttime="20220530 10:23:49.899" endtime="20220530 10:23:49.942"></status>
</kw>
<kw name="Log To Console" library="BuiltIn">
<doc>Logs the given message to the console.</doc>
<arguments>
<arg>${linktext}</arg>
</arguments>
<status status="PASS" starttime="20220530 10:23:49.942" endtime="20220530 10:23:49.943"></status>
</kw>
<status status="PASS" starttime="20220530 10:23:49.899" endtime="20220530 10:23:49.943"></status>
</kw>
<kw name="${i} = 3" type="foritem">
<kw name="Get Text" library="SeleniumLibrary">
<doc>Returns the text value of element identified by ``locator``.</doc>
<arguments>
<arg>xpath:(//a)[${i}]</arg>
</arguments>
<assign>
<var>${linktext}</var>
</assign>
<msg timestamp="20220530 10:23:49.969" level="INFO">${linktext} = .in</msg>
<status status="PASS" starttime="20220530 10:23:49.943" endtime="20220530 10:23:49.969"></status>
</kw>
<kw name="Log To Console" library="BuiltIn">
<doc>Logs the given message to the console.</doc>
<arguments>
<arg>${linktext}</arg>
</arguments>
<status status="PASS" starttime="20220530 10:23:49.969" endtime="20220530 10:23:49.970"></status>
</kw>
<status status="PASS" starttime="20220530 10:23:49.943" endtime="20220530 10:23:49.970"></status>
</kw>
<kw name="${i} = 4" type="foritem">
<kw name="Get Text" library="SeleniumLibrary">
<doc>Returns the text value of element identified by ``locator``.</doc>
<arguments>
<arg>xpath:(//a)[${i}]</arg>
</arguments>
<assign>
<var>${linktext}</var>
</assign>
<msg timestamp="20220530 10:23:50.099" level="INFO">${linktext} = Hello
Select your address</msg>
<status status="PASS" starttime="20220530 10:23:49.970" endtime="20220530 10:23:50.099"></status>
</kw>
<kw name="Log To Console" library="BuiltIn">
<doc>Logs the given message to the console.</doc>
<arguments>
<arg>${linktext}</arg>
</arguments>
<status status="PASS" starttime="20220530 10:23:50.099" endtime="20220530 10:23:50.099"></status>
</kw>
<status status="PASS" starttime="20220530 10:23:49.970" endtime="20220530 10:23:50.099"></status>
</kw>
<kw name="${i} = 5" type="foritem">
<kw name="Get Text" library="SeleniumLibrary">
<doc>Returns the text value of element identified by ``locator``.</doc>
<arguments>
<arg>xpath:(//a)[${i}]</arg>
</arguments>
<assign>
<var>${linktext}</var>
</assign>
<msg timestamp="20220530 10:23:50.150" level="INFO">${linktext} = </msg>
<status status="PASS" starttime="20220530 10:23:50.100" endtime="20220530 10:23:50.150"></status>
</kw>
<kw name="Log To Console" library="BuiltIn">
<doc>Logs the given message to the console.</doc>
<arguments>
<arg>${linktext}</arg>
</arguments>
<status status="PASS" starttime="20220530 10:23:50.151" endtime="20220530 10:23:50.151"></status>
</kw>
<status status="PASS" starttime="20220530 10:23:50.100" endtime="20220530 10:23:50.151"></status>
</kw>
<kw name="${i} = 6" type="foritem">
<kw name="Get Text" library="SeleniumLibrary">
<doc>Returns the text value of element identified by ``locator``.</doc>
<arguments>
<arg>xpath:(//a)[${i}]</arg>
</arguments>
<assign>
<var>${linktext}</var>
</assign>
<msg timestamp="20220530 10:23:50.171" level="INFO">${linktext} = Hello, Sign in
Account &amp; Lists</msg>
<status status="PASS" starttime="20220530 10:23:50.151" endtime="20220530 10:23:50.171"></status>
</kw>
<kw name="Log To Console" library="BuiltIn">
<doc>Logs the given message to the console.</doc>
<arguments>
<arg>${linktext}</arg>
</arguments>
<status status="PASS" starttime="20220530 10:23:50.171" endtime="20220530 10:23:50.171"></status>
</kw>
<status status="PASS" starttime="20220530 10:23:50.151" endtime="20220530 10:23:50.172"></status>
</kw>
<kw name="${i} = 7" type="foritem">
<kw name="Get Text" library="SeleniumLibrary">
<doc>Returns the text value of element identified by ``locator``.</doc>
<arguments>
<arg>xpath:(//a)[${i}]</arg>
</arguments>
<assign>
<var>${linktext}</var>
</assign>
<msg timestamp="20220530 10:23:50.192" level="INFO">${linktext} = Returns
&amp; Orders</msg>
<status status="PASS" starttime="20220530 10:23:50.172" endtime="20220530 10:23:50.192"></status>
</kw>
<kw name="Log To Console" library="BuiltIn">
<doc>Logs the given message to the console.</doc>
<arguments>
<arg>${linktext}</arg>
</arguments>
<status status="PASS" starttime="20220530 10:23:50.192" endtime="20220530 10:23:50.192"></status>
</kw>
<status status="PASS" starttime="20220530 10:23:50.172" endtime="20220530 10:23:50.193"></status>
</kw>
<kw name="${i} = 8" type="foritem">
<kw name="Get Text" library="SeleniumLibrary">
<doc>Returns the text value of element identified by ``locator``.</doc>
<arguments>
<arg>xpath:(//a)[${i}]</arg>
</arguments>
<assign>
<var>${linktext}</var>
</assign>
<msg timestamp="20220530 10:23:50.212" level="INFO">${linktext} = 0
Cart</msg>
<status status="PASS" starttime="20220530 10:23:50.193" endtime="20220530 10:23:50.212"></status>
</kw>
<kw name="Log To Console" library="BuiltIn">
<doc>Logs the given message to the console.</doc>
<arguments>
<arg>${linktext}</arg>
</arguments>
<status status="PASS" starttime="20220530 10:23:50.213" endtime="20220530 10:23:50.213"></status>
</kw>
<status status="PASS" starttime="20220530 10:23:50.193" endtime="20220530 10:23:50.213"></status>
</kw>
<kw name="${i} = 9" type="foritem">
<kw name="Get Text" library="SeleniumLibrary">
<doc>Returns the text value of element identified by ``locator``.</doc>
<arguments>
<arg>xpath:(//a)[${i}]</arg>
</arguments>
<assign>
<var>${linktext}</var>
</assign>
<msg timestamp="20220530 10:23:50.232" level="INFO">${linktext} = </msg>
<status status="PASS" starttime="20220530 10:23:50.214" endtime="20220530 10:23:50.232"></status>
</kw>
<kw name="Log To Console" library="BuiltIn">
<doc>Logs the given message to the console.</doc>
<arguments>
<arg>${linktext}</arg>
</arguments>
<status status="PASS" starttime="20220530 10:23:50.232" endtime="20220530 10:23:50.233"></status>
</kw>
<status status="PASS" starttime="20220530 10:23:50.213" endtime="20220530 10:23:50.233"></status>
</kw>
<kw name="${i} = 10" type="foritem">
<kw name="Get Text" library="SeleniumLibrary">
<doc>Returns the text value of element identified by ``locator``.</doc>
<arguments>
<arg>xpath:(//a)[${i}]</arg>
</arguments>
<assign>
<var>${linktext}</var>
</assign>
<msg timestamp="20220530 10:23:50.251" level="INFO">${linktext} = </msg>
<status status="PASS" starttime="20220530 10:23:50.233" endtime="20220530 10:23:50.251"></status>
</kw>
<kw name="Log To Console" library="BuiltIn">
<doc>Logs the given message to the console.</doc>
<arguments>
<arg>${linktext}</arg>
</arguments>
<status status="PASS" starttime="20220530 10:23:50.251" endtime="20220530 10:23:50.252"></status>
</kw>
<status status="PASS" starttime="20220530 10:23:50.233" endtime="20220530 10:23:50.252"></status>
</kw>
<kw name="${i} = 11" type="foritem">
<kw name="Get Text" library="SeleniumLibrary">
<doc>Returns the text value of element identified by ``locator``.</doc>
<arguments>
<arg>xpath:(//a)[${i}]</arg>
</arguments>
<assign>
<var>${linktext}</var>
</assign>
<msg timestamp="20220530 10:23:50.272" level="INFO">${linktext} = </msg>
<status status="PASS" starttime="20220530 10:23:50.252" endtime="20220530 10:23:50.273"></status>
</kw>
<kw name="Log To Console" library="BuiltIn">
<doc>Logs the given message to the console.</doc>
<arguments>
<arg>${linktext}</arg>
</arguments>
<status status="PASS" starttime="20220530 10:23:50.273" endtime="20220530 10:23:50.273"></status>
</kw>
<status status="PASS" starttime="20220530 10:23:50.252" endtime="20220530 10:23:50.273"></status>
</kw>
<kw name="${i} = 12" type="foritem">
<kw name="Get Text" library="SeleniumLibrary">
<doc>Returns the text value of element identified by ``locator``.</doc>
<arguments>
<arg>xpath:(//a)[${i}]</arg>
</arguments>
<assign>
<var>${linktext}</var>
</assign>
<msg timestamp="20220530 10:23:50.292" level="INFO">${linktext} = </msg>
<status status="PASS" starttime="20220530 10:23:50.273" endtime="20220530 10:23:50.292"></status>
</kw>
<kw name="Log To Console" library="BuiltIn">
<doc>Logs the given message to the console.</doc>
<arguments>
<arg>${linktext}</arg>
</arguments>
<status status="PASS" starttime="20220530 10:23:50.292" endtime="20220530 10:23:50.292"></status>
</kw>
<status status="PASS" starttime="20220530 10:23:50.273" endtime="20220530 10:23:50.292"></status>
</kw>
<kw name="${i} = 13" type="foritem">
<kw name="Get Text" library="SeleniumLibrary">
<doc>Returns the text value of element identified by ``locator``.</doc>
<arguments>
<arg>xpath:(//a)[${i}]</arg>
</arguments>
<assign>
<var>${linktext}</var>
</assign>
<msg timestamp="20220530 10:23:50.310" level="INFO">${linktext} = </msg>
<status status="PASS" starttime="20220530 10:23:50.293" endtime="20220530 10:23:50.310"></status>
</kw>
<kw name="Log To Console" library="BuiltIn">
<doc>Logs the given message to the console.</doc>
<arguments>
<arg>${linktext}</arg>
</arguments>
<status status="PASS" starttime="20220530 10:23:50.311" endtime="20220530 10:23:50.311"></status>
</kw>
<status status="PASS" starttime="20220530 10:23:50.292" endtime="20220530 10:23:50.311"></status>
</kw>
<kw name="${i} = 14" type="foritem">
<kw name="Get Text" library="SeleniumLibrary">
<doc>Returns the text value of element identified by ``locator``.</doc>
<arguments>
<arg>xpath:(//a)[${i}]</arg>
</arguments>
<assign>
<var>${linktext}</var>
</assign>
<msg timestamp="20220530 10:23:50.333" level="INFO">${linktext} = </msg>
<status status="PASS" starttime="20220530 10:23:50.312" endtime="20220530 10:23:50.333"></status>
</kw>
<kw name="Log To Console" library="BuiltIn">
<doc>Logs the given message to the console.</doc>
<arguments>
<arg>${linktext}</arg>
</arguments>
<status status="PASS" starttime="20220530 10:23:50.333" endtime="20220530 10:23:50.334"></status>
</kw>
<status status="PASS" starttime="20220530 10:23:50.311" endtime="20220530 10:23:50.334"></status>
</kw>
<kw name="${i} = 15" type="foritem">
<kw name="Get Text" library="SeleniumLibrary">
<doc>Returns the text value of element identified by ``locator``.</doc>
<arguments>
<arg>xpath:(//a)[${i}]</arg>
</arguments>
<assign>
<var>${linktext}</var>
</assign>
<msg timestamp="20220530 10:23:50.351" level="INFO">${linktext} = </msg>
<status status="PASS" starttime="20220530 10:23:50.334" endtime="20220530 10:23:50.351"></status>
</kw>
<kw name="Log To Console" library="BuiltIn">
<doc>Logs the given message to the console.</doc>
<arguments>
<arg>${linktext}</arg>
</arguments>
<status status="PASS" starttime="20220530 10:23:50.351" endtime="20220530 10:23:50.352"></status>
</kw>
<status status="PASS" starttime="20220530 10:23:50.334" endtime="20220530 10:23:50.352"></status>
</kw>
<kw name="${i} = 16" type="foritem">
<kw name="Get Text" library="SeleniumLibrary">
<doc>Returns the text value of element identified by ``locator``.</doc>
<arguments>
<arg>xpath:(//a)[${i}]</arg>
</arguments>
<assign>
<var>${linktext}</var>
</assign>
<msg timestamp="20220530 10:23:50.370" level="INFO">${linktext} = </msg>
<status status="PASS" starttime="20220530 10:23:50.352" endtime="20220530 10:23:50.370"></status>
</kw>
<kw name="Log To Console" library="BuiltIn">
<doc>Logs the given message to the console.</doc>
<arguments>
<arg>${linktext}</arg>
</arguments>
<status status="PASS" starttime="20220530 10:23:50.370" endtime="20220530 10:23:50.370"></status>
</kw>
<status status="PASS" starttime="20220530 10:23:50.352" endtime="20220530 10:23:50.370"></status>
</kw>
<kw name="${i} = 17" type="foritem">
<kw name="Get Text" library="SeleniumLibrary">
<doc>Returns the text value of element identified by ``locator``.</doc>
<arguments>
<arg>xpath:(//a)[${i}]</arg>
</arguments>
<assign>
<var>${linktext}</var>
</assign>
<msg timestamp="20220530 10:23:50.390" level="INFO">${linktext} = </msg>
<status status="PASS" starttime="20220530 10:23:50.371" endtime="20220530 10:23:50.390"></status>
</kw>
<kw name="Log To Console" library="BuiltIn">
<doc>Logs the given message to the console.</doc>
<arguments>
<arg>${linktext}</arg>
</arguments>
<status status="PASS" starttime="20220530 10:23:50.391" endtime="20220530 10:23:50.392"></status>
</kw>
<status status="PASS" starttime="20220530 10:23:50.371" endtime="20220530 10:23:50.392"></status>
</kw>
<kw name="${i} = 18" type="foritem">
<kw name="Get Text" library="SeleniumLibrary">
<doc>Returns the text value of element identified by ``locator``.</doc>
<arguments>
<arg>xpath:(//a)[${i}]</arg>
</arguments>
<assign>
<var>${linktext}</var>
</assign>
<msg timestamp="20220530 10:23:50.412" level="INFO">${linktext} = </msg>
<status status="PASS" starttime="20220530 10:23:50.392" endtime="20220530 10:23:50.412"></status>
</kw>
<kw name="Log To Console" library="BuiltIn">
<doc>Logs the given message to the console.</doc>
<arguments>
<arg>${linktext}</arg>
</arguments>
<status status="PASS" starttime="20220530 10:23:50.412" endtime="20220530 10:23:50.412"></status>
</kw>
<status status="PASS" starttime="20220530 10:23:50.392" endtime="20220530 10:23:50.412"></status>
</kw>
<kw name="${i} = 19" type="foritem">
<kw name="Get Text" library="SeleniumLibrary">
<doc>Returns the text value of element identified by ``locator``.</doc>
<arguments>
<arg>xpath:(//a)[${i}]</arg>
</arguments>
<assign>
<var>${linktext}</var>
</assign>
<msg timestamp="20220530 10:23:50.441" level="INFO">${linktext} = </msg>
<status status="PASS" starttime="20220530 10:23:50.412" endtime="20220530 10:23:50.441"></status>
</kw>
<kw name="Log To Console" library="BuiltIn">
<doc>Logs the given message to the console.</doc>
<arguments>
<arg>${linktext}</arg>
</arguments>
<status status="PASS" starttime="20220530 10:23:50.442" endtime="20220530 10:23:50.443"></status>
</kw>
<status status="PASS" starttime="20220530 10:23:50.412" endtime="20220530 10:23:50.443"></status>
</kw>
<kw name="${i} = 20" type="foritem">
<kw name="Get Text" library="SeleniumLibrary">
<doc>Returns the text value of element identified by ``locator``.</doc>
<arguments>
<arg>xpath:(//a)[${i}]</arg>
</arguments>
<assign>
<var>${linktext}</var>
</assign>
<msg timestamp="20220530 10:23:50.462" level="INFO">${linktext} = </msg>
<status status="PASS" starttime="20220530 10:23:50.443" endtime="20220530 10:23:50.462"></status>
</kw>
<kw name="Log To Console" library="BuiltIn">
<doc>Logs the given message to the console.</doc>
<arguments>
<arg>${linktext}</arg>
</arguments>
<status status="PASS" starttime="20220530 10:23:50.462" endtime="20220530 10:23:50.462"></status>
</kw>
<status status="PASS" starttime="20220530 10:23:50.443" endtime="20220530 10:23:50.462"></status>
</kw>
<kw name="${i} = 21" type="foritem">
<kw name="Get Text" library="SeleniumLibrary">
<doc>Returns the text value of element identified by ``locator``.</doc>
<arguments>
<arg>xpath:(//a)[${i}]</arg>
</arguments>
<assign>
<var>${linktext}</var>
</assign>
<msg timestamp="20220530 10:23:50.480" level="INFO">${linktext} = </msg>
<status status="PASS" starttime="20220530 10:23:50.463" endtime="20220530 10:23:50.481"></status>
</kw>
<kw name="Log To Console" library="BuiltIn">
<doc>Logs the given message to the console.</doc>
<arguments>
<arg>${linktext}</arg>
</arguments>
<status status="PASS" starttime="20220530 10:23:50.481" endtime="20220530 10:23:50.481"></status>
</kw>
<status status="PASS" starttime="20220530 10:23:50.462" endtime="20220530 10:23:50.481"></status>
</kw>
<kw name="${i} = 22" type="foritem">
<kw name="Get Text" library="SeleniumLibrary">
<doc>Returns the text value of element identified by ``locator``.</doc>
<arguments>
<arg>xpath:(//a)[${i}]</arg>
</arguments>
<assign>
<var>${linktext}</var>
</assign>
<msg timestamp="20220530 10:23:50.500" level="INFO">${linktext} = </msg>
<status status="PASS" starttime="20220530 10:23:50.482" endtime="20220530 10:23:50.500"></status>
</kw>
<kw name="Log To Console" library="BuiltIn">
<doc>Logs the given message to the console.</doc>
<arguments>
<arg>${linktext}</arg>
</arguments>
<status status="PASS" starttime="20220530 10:23:50.500" endtime="20220530 10:23:50.501"></status>
</kw>
<status status="PASS" starttime="20220530 10:23:50.482" endtime="20220530 10:23:50.501"></status>
</kw>
<kw name="${i} = 23" type="foritem">
<kw name="Get Text" library="SeleniumLibrary">
<doc>Returns the text value of element identified by ``locator``.</doc>
<arguments>
<arg>xpath:(//a)[${i}]</arg>
</arguments>
<assign>
<var>${linktext}</var>
</assign>
<msg timestamp="20220530 10:23:50.523" level="INFO">${linktext} = </msg>
<status status="PASS" starttime="20220530 10:23:50.501" endtime="20220530 10:23:50.523"></status>
</kw>
<kw name="Log To Console" library="BuiltIn">
<doc>Logs the given message to the console.</doc>
<arguments>
<arg>${linktext}</arg>
</arguments>
<status status="PASS" starttime="20220530 10:23:50.523" endtime="20220530 10:23:50.524"></status>
</kw>
<status status="PASS" starttime="20220530 10:23:50.501" endtime="20220530 10:23:50.525"></status>
</kw>
<kw name="${i} = 24" type="foritem">
<kw name="Get Text" library="SeleniumLibrary">
<doc>Returns the text value of element identified by ``locator``.</doc>
<arguments>
<arg>xpath:(//a)[${i}]</arg>
</arguments>
<assign>
<var>${linktext}</var>
</assign>
<msg timestamp="20220530 10:23:50.553" level="INFO">${linktext} = </msg>
<status status="PASS" starttime="20220530 10:23:50.527" endtime="20220530 10:23:50.553"></status>
</kw>
<kw name="Log To Console" library="BuiltIn">
<doc>Logs the given message to the console.</doc>
<arguments>
<arg>${linktext}</arg>
</arguments>
<status status="PASS" starttime="20220530 10:23:50.553" endtime="20220530 10:23:50.553"></status>
</kw>
<status status="PASS" starttime="20220530 10:23:50.525" endtime="20220530 10:23:50.554"></status>
</kw>
<kw name="${i} = 25" type="foritem">
<kw name="Get Text" library="SeleniumLibrary">
<doc>Returns the text value of element identified by ``locator``.</doc>
<arguments>
<arg>xpath:(//a)[${i}]</arg>
</arguments>
<assign>
<var>${linktext}</var>
</assign>
<msg timestamp="20220530 10:23:50.572" level="INFO">${linktext} = </msg>
<status status="PASS" starttime="20220530 10:23:50.554" endtime="20220530 10:23:50.572"></status>
</kw>
<kw name="Log To Console" library="BuiltIn">
<doc>Logs the given message to the console.</doc>
<arguments>
<arg>${linktext}</arg>
</arguments>
<status status="PASS" starttime="20220530 10:23:50.572" endtime="20220530 10:23:50.573"></status>
</kw>
<status status="PASS" starttime="20220530 10:23:50.554" endtime="20220530 10:23:50.573"></status>
</kw>
<kw name="${i} = 26" type="foritem">
<kw name="Get Text" library="SeleniumLibrary">
<doc>Returns the text value of element identified by ``locator``.</doc>
<arguments>
<arg>xpath:(//a)[${i}]</arg>
</arguments>
<assign>
<var>${linktext}</var>
</assign>
<msg timestamp="20220530 10:23:50.591" level="INFO">${linktext} = </msg>
<status status="PASS" starttime="20220530 10:23:50.573" endtime="20220530 10:23:50.591"></status>
</kw>
<kw name="Log To Console" library="BuiltIn">
<doc>Logs the given message to the console.</doc>
<arguments>
<arg>${linktext}</arg>
</arguments>
<status status="PASS" starttime="20220530 10:23:50.592" endtime="20220530 10:23:50.592"></status>
</kw>
<status status="PASS" starttime="20220530 10:23:50.573" endtime="20220530 10:23:50.592"></status>
</kw>
<kw name="${i} = 27" type="foritem">
<kw name="Get Text" library="SeleniumLibrary">
<doc>Returns the text value of element identified by ``locator``.</doc>
<arguments>
<arg>xpath:(//a)[${i}]</arg>
</arguments>
<assign>
<var>${linktext}</var>
</assign>
<msg timestamp="20220530 10:23:50.612" level="INFO">${linktext} = </msg>
<status status="PASS" starttime="20220530 10:23:50.592" endtime="20220530 10:23:50.612"></status>
</kw>
<kw name="Log To Console" library="BuiltIn">
<doc>Logs the given message to the console.</doc>
<arguments>
<arg>${linktext}</arg>
</arguments>
<status status="PASS" starttime="20220530 10:23:50.612" endtime="20220530 10:23:50.613"></status>
</kw>
<status status="PASS" starttime="20220530 10:23:50.592" endtime="20220530 10:23:50.613"></status>
</kw>
<kw name="${i} = 28" type="foritem">
<kw name="Get Text" library="SeleniumLibrary">
<doc>Returns the text value of element identified by ``locator``.</doc>
<arguments>
<arg>xpath:(//a)[${i}]</arg>
</arguments>
<assign>
<var>${linktext}</var>
</assign>
<msg timestamp="20220530 10:23:50.632" level="INFO">${linktext} = Sign in</msg>
<status status="PASS" starttime="20220530 10:23:50.613" endtime="20220530 10:23:50.632"></status>
</kw>
<kw name="Log To Console" library="BuiltIn">
<doc>Logs the given message to the console.</doc>
<arguments>
<arg>${linktext}</arg>
</arguments>
<status status="PASS" starttime="20220530 10:23:50.632" endtime="20220530 10:23:50.632"></status>
</kw>
<status status="PASS" starttime="20220530 10:23:50.613" endtime="20220530 10:23:50.632"></status>
</kw>
<kw name="${i} = 29" type="foritem">
<kw name="Get Text" library="SeleniumLibrary">
<doc>Returns the text value of element identified by ``locator``.</doc>
<arguments>
<arg>xpath:(//a)[${i}]</arg>
</arguments>
<assign>
<var>${linktext}</var>
</assign>
<msg timestamp="20220530 10:23:50.652" level="INFO">${linktext} = Start here.</msg>
<status status="PASS" starttime="20220530 10:23:50.633" endtime="20220530 10:23:50.652"></status>
</kw>
<kw name="Log To Console" library="BuiltIn">
<doc>Logs the given message to the console.</doc>
<arguments>
<arg>${linktext}</arg>
</arguments>
<status status="PASS" starttime="20220530 10:23:50.652" endtime="20220530 10:23:50.653"></status>
</kw>
<status status="PASS" starttime="20220530 10:23:50.632" endtime="20220530 10:23:50.653"></status>
</kw>
<kw name="${i} = 30" type="foritem">
<kw name="Get Text" library="SeleniumLibrary">
<doc>Returns the text value of element identified by ``locator``.</doc>
<arguments>
<arg>xpath:(//a)[${i}]</arg>
</arguments>
<assign>
<var>${linktext}</var>
</assign>
<msg timestamp="20220530 10:23:50.673" level="INFO">${linktext} = All</msg>
<status status="PASS" starttime="20220530 10:23:50.653" endtime="20220530 10:23:50.673"></status>
</kw>
<kw name="Log To Console" library="BuiltIn">
<doc>Logs the given message to the console.</doc>
<arguments>
<arg>${linktext}</arg>
</arguments>
<status status="PASS" starttime="20220530 10:23:50.673" endtime="20220530 10:23:50.673"></status>
</kw>
<status status="PASS" starttime="20220530 10:23:50.653" endtime="20220530 10:23:50.673"></status>
</kw>
<kw name="${i} = 31" type="foritem">
<kw name="Get Text" library="SeleniumLibrary">
<doc>Returns the text value of element identified by ``locator``.</doc>
<arguments>
<arg>xpath:(//a)[${i}]</arg>
</arguments>
<assign>
<var>${linktext}</var>
</assign>
<msg timestamp="20220530 10:23:50.694" level="INFO">${linktext} = Best Sellers</msg>
<status status="PASS" starttime="20220530 10:23:50.673" endtime="20220530 10:23:50.694"></status>
</kw>
<kw name="Log To Console" library="BuiltIn">
<doc>Logs the given message to the console.</doc>
<arguments>
<arg>${linktext}</arg>
</arguments>
<status status="PASS" starttime="20220530 10:23:50.694" endtime="20220530 10:23:50.695"></status>
</kw>
<status status="PASS" starttime="20220530 10:23:50.673" endtime="20220530 10:23:50.695"></status>
</kw>
<kw name="${i} = 32" type="foritem">
<kw name="Get Text" library="SeleniumLibrary">
<doc>Returns the text value of element identified by ``locator``.</doc>
<arguments>
<arg>xpath:(//a)[${i}]</arg>
</arguments>
<assign>
<var>${linktext}</var>
</assign>
<msg timestamp="20220530 10:23:50.715" level="INFO">${linktext} = Mobiles</msg>
<status status="PASS" starttime="20220530 10:23:50.695" endtime="20220530 10:23:50.715"></status>
</kw>
<kw name="Log To Console" library="BuiltIn">
<doc>Logs the given message to the console.</doc>
<arguments>
<arg>${linktext}</arg>
</arguments>
<status status="PASS" starttime="20220530 10:23:50.716" endtime="20220530 10:23:50.716"></status>
</kw>
<status status="PASS" starttime="20220530 10:23:50.695" endtime="20220530 10:23:50.716"></status>
</kw>
<kw name="${i} = 33" type="foritem">
<kw name="Get Text" library="SeleniumLibrary">
<doc>Returns the text value of element identified by ``locator``.</doc>
<arguments>
<arg>xpath:(//a)[${i}]</arg>
</arguments>
<assign>
<var>${linktext}</var>
</assign>
<msg timestamp="20220530 10:23:50.737" level="INFO">${linktext} = Customer Service</msg>
<status status="PASS" starttime="20220530 10:23:50.716" endtime="20220530 10:23:50.737"></status>
</kw>
<kw name="Log To Console" library="BuiltIn">
<doc>Logs the given message to the console.</doc>
<arguments>
<arg>${linktext}</arg>
</arguments>
<status status="PASS" starttime="20220530 10:23:50.737" endtime="20220530 10:23:50.738"></status>
</kw>
<status status="PASS" starttime="20220530 10:23:50.716" endtime="20220530 10:23:50.738"></status>
</kw>
<kw name="${i} = 34" type="foritem">
<kw name="Get Text" library="SeleniumLibrary">
<doc>Returns the text value of element identified by ``locator``.</doc>
<arguments>
<arg>xpath:(//a)[${i}]</arg>
</arguments>
<assign>
<var>${linktext}</var>
</assign>
<msg timestamp="20220530 10:23:50.759" level="INFO">${linktext} = Today's Deals</msg>
<status status="PASS" starttime="20220530 10:23:50.738" endtime="20220530 10:23:50.759"></status>
</kw>
<kw name="Log To Console" library="BuiltIn">
<doc>Logs the given message to the console.</doc>
<arguments>
<arg>${linktext}</arg>
</arguments>
<status status="PASS" starttime="20220530 10:23:50.760" endtime="20220530 10:23:50.760"></status>
</kw>
<status status="PASS" starttime="20220530 10:23:50.738" endtime="20220530 10:23:50.760"></status>
</kw>
<kw name="${i} = 35" type="foritem">
<kw name="Get Text" library="SeleniumLibrary">
<doc>Returns the text value of element identified by ``locator``.</doc>
<arguments>
<arg>xpath:(//a)[${i}]</arg>
</arguments>
<assign>
<var>${linktext}</var>
</assign>
<msg timestamp="20220530 10:23:50.779" level="INFO">${linktext} = Fashion</msg>
<status status="PASS" starttime="20220530 10:23:50.760" endtime="20220530 10:23:50.779"></status>
</kw>
<kw name="Log To Console" library="BuiltIn">
<doc>Logs the given message to the console.</doc>
<arguments>
<arg>${linktext}</arg>
</arguments>
<status status="PASS" starttime="20220530 10:23:50.779" endtime="20220530 10:23:50.779"></status>
</kw>
<status status="PASS" starttime="20220530 10:23:50.760" endtime="20220530 10:23:50.779"></status>
</kw>
<kw name="${i} = 36" type="foritem">
<kw name="Get Text" library="SeleniumLibrary">
<doc>Returns the text value of element identified by ``locator``.</doc>
<arguments>
<arg>xpath:(//a)[${i}]</arg>
</arguments>
<assign>
<var>${linktext}</var>
</assign>
<msg timestamp="20220530 10:23:50.799" level="INFO">${linktext} = Electronics</msg>
<status status="PASS" starttime="20220530 10:23:50.780" endtime="20220530 10:23:50.799"></status>
</kw>
<kw name="Log To Console" library="BuiltIn">
<doc>Logs the given message to the console.</doc>
<arguments>
<arg>${linktext}</arg>
</arguments>
<status status="PASS" starttime="20220530 10:23:50.799" endtime="20220530 10:23:50.800"></status>
</kw>
<status status="PASS" starttime="20220530 10:23:50.779" endtime="20220530 10:23:50.800"></status>
</kw>
<kw name="${i} = 37" type="foritem">
<kw name="Get Text" library="SeleniumLibrary">
<doc>Returns the text value of element identified by ``locator``.</doc>
<arguments>
<arg>xpath:(//a)[${i}]</arg>
</arguments>
<assign>
<var>${linktext}</var>
</assign>
<msg timestamp="20220530 10:23:50.820" level="INFO">${linktext} = Prime</msg>
<status status="PASS" starttime="20220530 10:23:50.800" endtime="20220530 10:23:50.821"></status>
</kw>
<kw name="Log To Console" library="BuiltIn">
<doc>Logs the given message to the console.</doc>
<arguments>
<arg>${linktext}</arg>
</arguments>
<status status="PASS" starttime="20220530 10:23:50.821" endtime="20220530 10:23:50.821"></status>
</kw>
<status status="PASS" starttime="20220530 10:23:50.800" endtime="20220530 10:23:50.821"></status>
</kw>
<kw name="${i} = 38" type="foritem">
<kw name="Get Text" library="SeleniumLibrary">
<doc>Returns the text value of element identified by ``locator``.</doc>
<arguments>
<arg>xpath:(//a)[${i}]</arg>
</arguments>
<assign>
<var>${linktext}</var>
</assign>
<msg timestamp="20220530 10:23:50.841" level="INFO">${linktext} = Home &amp; Kitchen</msg>
<status status="PASS" starttime="20220530 10:23:50.821" endtime="20220530 10:23:50.841"></status>
</kw>
<kw name="Log To Console" library="BuiltIn">
<doc>Logs the given message to the console.</doc>
<arguments>
<arg>${linktext}</arg>
</arguments>
<status status="PASS" starttime="20220530 10:23:50.841" endtime="20220530 10:23:50.841"></status>
</kw>
<status status="PASS" starttime="20220530 10:23:50.821" endtime="20220530 10:23:50.841"></status>
</kw>
<kw name="${i} = 39" type="foritem">
<kw name="Get Text" library="SeleniumLibrary">
<doc>Returns the text value of element identified by ``locator``.</doc>
<arguments>
<arg>xpath:(//a)[${i}]</arg>
</arguments>
<assign>
<var>${linktext}</var>
</assign>
<msg timestamp="20220530 10:23:50.862" level="INFO">${linktext} = Amazon Pay</msg>
<status status="PASS" starttime="20220530 10:23:50.842" endtime="20220530 10:23:50.862"></status>
</kw>
<kw name="Log To Console" library="BuiltIn">
<doc>Logs the given message to the console.</doc>
<arguments>
<arg>${linktext}</arg>
</arguments>
<status status="PASS" starttime="20220530 10:23:50.862" endtime="20220530 10:23:50.862"></status>
</kw>
<status status="PASS" starttime="20220530 10:23:50.842" endtime="20220530 10:23:50.862"></status>
</kw>
<kw name="${i} = 40" type="foritem">
<kw name="Get Text" library="SeleniumLibrary">
<doc>Returns the text value of element identified by ``locator``.</doc>
<arguments>
<arg>xpath:(//a)[${i}]</arg>
</arguments>
<assign>
<var>${linktext}</var>
</assign>
<msg timestamp="20220530 10:23:50.884" level="INFO">${linktext} = New Releases</msg>
<status status="PASS" starttime="20220530 10:23:50.863" endtime="20220530 10:23:50.884"></status>
</kw>
<kw name="Log To Console" library="BuiltIn">
<doc>Logs the given message to the console.</doc>
<arguments>
<arg>${linktext}</arg>
</arguments>
<status status="PASS" starttime="20220530 10:23:50.884" endtime="20220530 10:23:50.885"></status>
</kw>
<status status="PASS" starttime="20220530 10:23:50.863" endtime="20220530 10:23:50.885"></status>
</kw>
<kw name="${i} = 41" type="foritem">
<kw name="Get Text" library="SeleniumLibrary">
<doc>Returns the text value of element identified by ``locator``.</doc>
<arguments>
<arg>xpath:(//a)[${i}]</arg>
</arguments>
<assign>
<var>${linktext}</var>
</assign>
<msg timestamp="20220530 10:23:50.905" level="INFO">${linktext} = Computers</msg>
<status status="PASS" starttime="20220530 10:23:50.885" endtime="20220530 10:23:50.905"></status>
</kw>
<kw name="Log To Console" library="BuiltIn">
<doc>Logs the given message to the console.</doc>
<arguments>
<arg>${linktext}</arg>
</arguments>
<status status="PASS" starttime="20220530 10:23:50.905" endtime="20220530 10:23:50.905"></status>
</kw>
<status status="PASS" starttime="20220530 10:23:50.885" endtime="20220530 10:23:50.905"></status>
</kw>
<kw name="${i} = 42" type="foritem">
<kw name="Get Text" library="SeleniumLibrary">
<doc>Returns the text value of element identified by ``locator``.</doc>
<arguments>
<arg>xpath:(//a)[${i}]</arg>
</arguments>
<assign>
<var>${linktext}</var>
</assign>
<msg timestamp="20220530 10:23:50.925" level="INFO">${linktext} = </msg>
<status status="PASS" starttime="20220530 10:23:50.905" endtime="20220530 10:23:50.925"></status>
</kw>
<kw name="Log To Console" library="BuiltIn">
<doc>Logs the given message to the console.</doc>
<arguments>
<arg>${linktext}</arg>
</arguments>
<status status="PASS" starttime="20220530 10:23:50.925" endtime="20220530 10:23:50.925"></status>
</kw>
<status status="PASS" starttime="20220530 10:23:50.905" endtime="20220530 10:23:50.925"></status>
</kw>
<kw name="${i} = 43" type="foritem">
<kw name="Get Text" library="SeleniumLibrary">
<doc>Returns the text value of element identified by ``locator``.</doc>
<arguments>
<arg>xpath:(//a)[${i}]</arg>
</arguments>
<assign>
<var>${linktext}</var>
</assign>
<msg timestamp="20220530 10:23:50.946" level="INFO">${linktext} = </msg>
<status status="PASS" starttime="20220530 10:23:50.925" endtime="20220530 10:23:50.946"></status>
</kw>
<kw name="Log To Console" library="BuiltIn">
<doc>Logs the given message to the console.</doc>
<arguments>
<arg>${linktext}</arg>
</arguments>
<status status="PASS" starttime="20220530 10:23:50.946" endtime="20220530 10:23:50.946"></status>
</kw>
<status status="PASS" starttime="20220530 10:23:50.925" endtime="20220530 10:23:50.946"></status>
</kw>
<kw name="${i} = 44" type="foritem">
<kw name="Get Text" library="SeleniumLibrary">
<doc>Returns the text value of element identified by ``locator``.</doc>
<arguments>
<arg>xpath:(//a)[${i}]</arg>
</arguments>
<assign>
<var>${linktext}</var>
</assign>
<msg timestamp="20220530 10:23:50.966" level="INFO">${linktext} = </msg>
<status status="PASS" starttime="20220530 10:23:50.946" endtime="20220530 10:23:50.966"></status>
</kw>
<kw name="Log To Console" library="BuiltIn">
<doc>Logs the given message to the console.</doc>
<arguments>
<arg>${linktext}</arg>
</arguments>
<status status="PASS" starttime="20220530 10:23:50.966" endtime="20220530 10:23:50.966"></status>
</kw>
<status status="PASS" starttime="20220530 10:23:50.946" endtime="20220530 10:23:50.966"></status>
</kw>
<kw name="${i} = 45" type="foritem">
<kw name="Get Text" library="SeleniumLibrary">
<doc>Returns the text value of element identified by ``locator``.</doc>
<arguments>
<arg>xpath:(//a)[${i}]</arg>
</arguments>
<assign>
<var>${linktext}</var>
</assign>
<msg timestamp="20220530 10:23:50.987" level="INFO">${linktext} = </msg>
<status status="PASS" starttime="20220530 10:23:50.967" endtime="20220530 10:23:50.987"></status>
</kw>
<kw name="Log To Console" library="BuiltIn">
<doc>Logs the given message to the console.</doc>
<arguments>
<arg>${linktext}</arg>
</arguments>
<status status="PASS" starttime="20220530 10:23:50.987" endtime="20220530 10:23:50.987"></status>
</kw>
<status status="PASS" starttime="20220530 10:23:50.966" endtime="20220530 10:23:50.987"></status>
</kw>
<kw name="${i} = 46" type="foritem">
<kw name="Get Text" library="SeleniumLibrary">
<doc>Returns the text value of element identified by ``locator``.</doc>
<arguments>
<arg>xpath:(//a)[${i}]</arg>
</arguments>
<assign>
<var>${linktext}</var>
</assign>
<msg timestamp="20220530 10:23:51.007" level="INFO">${linktext} = </msg>
<status status="PASS" starttime="20220530 10:23:50.988" endtime="20220530 10:23:51.007"></status>
</kw>
<kw name="Log To Console" library="BuiltIn">
<doc>Logs the given message to the console.</doc>
<arguments>
<arg>${linktext}</arg>
</arguments>
<status status="PASS" starttime="20220530 10:23:51.008" endtime="20220530 10:23:51.008"></status>
</kw>
<status status="PASS" starttime="20220530 10:23:50.987" endtime="20220530 10:23:51.008"></status>
</kw>
<kw name="${i} = 47" type="foritem">
<kw name="Get Text" library="SeleniumLibrary">
<doc>Returns the text value of element identified by ``locator``.</doc>
<arguments>
<arg>xpath:(//a)[${i}]</arg>
</arguments>
<assign>
<var>${linktext}</var>
</assign>
<msg timestamp="20220530 10:23:51.030" level="INFO">${linktext} = </msg>
<status status="PASS" starttime="20220530 10:23:51.008" endtime="20220530 10:23:51.030"></status>
</kw>
<kw name="Log To Console" library="BuiltIn">
<doc>Logs the given message to the console.</doc>
<arguments>
<arg>${linktext}</arg>
</arguments>
<status status="PASS" starttime="20220530 10:23:51.031" endtime="20220530 10:23:51.031"></status>
</kw>
<status status="PASS" starttime="20220530 10:23:51.008" endtime="20220530 10:23:51.031"></status>
</kw>
<kw name="${i} = 48" type="foritem">
<kw name="Get Text" library="SeleniumLibrary">
<doc>Returns the text value of element identified by ``locator``.</doc>
<arguments>
<arg>xpath:(//a)[${i}]</arg>
</arguments>
<assign>
<var>${linktext}</var>
</assign>
<msg timestamp="20220530 10:23:51.050" level="INFO">${linktext} = </msg>
<status status="PASS" starttime="20220530 10:23:51.031" endtime="20220530 10:23:51.051"></status>
</kw>
<kw name="Log To Console" library="BuiltIn">
<doc>Logs the given message to the console.</doc>
<arguments>
<arg>${linktext}</arg>
</arguments>
<status status="PASS" starttime="20220530 10:23:51.051" endtime="20220530 10:23:51.052"></status>
</kw>
<status status="PASS" starttime="20220530 10:23:51.031" endtime="20220530 10:23:51.052"></status>
</kw>
<kw name="${i} = 49" type="foritem">
<kw name="Get Text" library="SeleniumLibrary">
<doc>Returns the text value of element identified by ``locator``.</doc>
<arguments>
<arg>xpath:(//a)[${i}]</arg>
</arguments>
<assign>
<var>${linktext}</var>
</assign>
<msg timestamp="20220530 10:23:51.080" level="INFO">${linktext} = </msg>
<status status="PASS" starttime="20220530 10:23:51.053" endtime="20220530 10:23:51.080"></status>
</kw>
<kw name="Log To Console" library="BuiltIn">
<doc>Logs the given message to the console.</doc>
<arguments>
<arg>${linktext}</arg>
</arguments>
<status status="PASS" starttime="20220530 10:23:51.080" endtime="20220530 10:23:51.081"></status>
</kw>
<status status="PASS" starttime="20220530 10:23:51.053" endtime="20220530 10:23:51.081"></status>
</kw>
<kw name="${i} = 50" type="foritem">
<kw name="Get Text" library="SeleniumLibrary">
<doc>Returns the text value of element identified by ``locator``.</doc>
<arguments>
<arg>xpath:(//a)[${i}]</arg>
</arguments>
<assign>
<var>${linktext}</var>
</assign>
<msg timestamp="20220530 10:23:51.100" level="INFO">${linktext} = </msg>
<status status="PASS" starttime="20220530 10:23:51.081" endtime="20220530 10:23:51.100"></status>
</kw>
<kw name="Log To Console" library="BuiltIn">
<doc>Logs the given message to the console.</doc>
<arguments>
<arg>${linktext}</arg>
</arguments>
<status status="PASS" starttime="20220530 10:23:51.100" endtime="20220530 10:23:51.100"></status>
</kw>
<status status="PASS" starttime="20220530 10:23:51.081" endtime="20220530 10:23:51.100"></status>
</kw>
<kw name="${i} = 51" type="foritem">
<kw name="Get Text" library="SeleniumLibrary">
<doc>Returns the text value of element identified by ``locator``.</doc>
<arguments>
<arg>xpath:(//a)[${i}]</arg>
</arguments>
<assign>
<var>${linktext}</var>
</assign>
<msg timestamp="20220530 10:23:51.122" level="INFO">${linktext} = </msg>
<status status="PASS" starttime="20220530 10:23:51.101" endtime="20220530 10:23:51.122"></status>
</kw>
<kw name="Log To Console" library="BuiltIn">
<doc>Logs the given message to the console.</doc>
<arguments>
<arg>${linktext}</arg>
</arguments>
<status status="PASS" starttime="20220530 10:23:51.122" endtime="20220530 10:23:51.122"></status>
</kw>
<status status="PASS" starttime="20220530 10:23:51.100" endtime="20220530 10:23:51.122"></status>
</kw>
<kw name="${i} = 52" type="foritem">
<kw name="Get Text" library="SeleniumLibrary">
<doc>Returns the text value of element identified by ``locator``.</doc>
<arguments>
<arg>xpath:(//a)[${i}]</arg>
</arguments>
<assign>
<var>${linktext}</var>
</assign>
<msg timestamp="20220530 10:23:51.143" level="INFO">${linktext} = </msg>
<status status="PASS" starttime="20220530 10:23:51.123" endtime="20220530 10:23:51.143"></status>
</kw>
<kw name="Log To Console" library="BuiltIn">
<doc>Logs the given message to the console.</doc>
<arguments>
<arg>${linktext}</arg>
</arguments>
<status status="PASS" starttime="20220530 10:23:51.143" endtime="20220530 10:23:51.144"></status>
</kw>
<status status="PASS" starttime="20220530 10:23:51.123" endtime="20220530 10:23:51.144"></status>
</kw>
<kw name="${i} = 53" type="foritem">
<kw name="Get Text" library="SeleniumLibrary">
<doc>Returns the text value of element identified by ``locator``.</doc>
<arguments>
<arg>xpath:(//a)[${i}]</arg>
</arguments>
<assign>
<var>${linktext}</var>
</assign>
<msg timestamp="20220530 10:23:51.164" level="INFO">${linktext} = </msg>
<status status="PASS" starttime="20220530 10:23:51.144" endtime="20220530 10:23:51.164"></status>
</kw>
<kw name="Log To Console" library="BuiltIn">
<doc>Logs the given message to the console.</doc>
<arguments>
<arg>${linktext}</arg>
</arguments>
<status status="PASS" starttime="20220530 10:23:51.165" endtime="20220530 10:23:51.165"></status>
</kw>
<status status="PASS" starttime="20220530 10:23:51.144" endtime="20220530 10:23:51.165"></status>
</kw>
<kw name="${i} = 54" type="foritem">
<kw name="Get Text" library="SeleniumLibrary">
<doc>Returns the text value of element identified by ``locator``.</doc>
<arguments>
<arg>xpath:(//a)[${i}]</arg>
</arguments>
<assign>
<var>${linktext}</var>
</assign>
<msg timestamp="20220530 10:23:51.184" level="INFO">${linktext} = </msg>
<status status="PASS" starttime="20220530 10:23:51.166" endtime="20220530 10:23:51.184"></status>
</kw>
<kw name="Log To Console" library="BuiltIn">
<doc>Logs the given message to the console.</doc>
<arguments>
<arg>${linktext}</arg>
</arguments>
<status status="PASS" starttime="20220530 10:23:51.185" endtime="20220530 10:23:51.185"></status>
</kw>
<status status="PASS" starttime="20220530 10:23:51.165" endtime="20220530 10:23:51.185"></status>
</kw>
<kw name="${i} = 55" type="foritem">
<kw name="Get Text" library="SeleniumLibrary">
<doc>Returns the text value of element identified by ``locator``.</doc>
<arguments>
<arg>xpath:(//a)[${i}]</arg>
</arguments>
<assign>
<var>${linktext}</var>
</assign>
<msg timestamp="20220530 10:23:51.204" level="INFO">${linktext} = </msg>
<status status="PASS" starttime="20220530 10:23:51.185" endtime="20220530 10:23:51.204"></status>
</kw>
<kw name="Log To Console" library="BuiltIn">
<doc>Logs the given message to the console.</doc>
<arguments>
<arg>${linktext}</arg>
</arguments>
<status status="PASS" starttime="20220530 10:23:51.204" endtime="20220530 10:23:51.205"></status>
</kw>
<status status="PASS" starttime="20220530 10:23:51.185" endtime="20220530 10:23:51.205"></status>
</kw>
<kw name="${i} = 56" type="foritem">
<kw name="Get Text" library="SeleniumLibrary">
<doc>Returns the text value of element identified by ``locator``.</doc>
<arguments>
<arg>xpath:(//a)[${i}]</arg>
</arguments>
<assign>
<var>${linktext}</var>
</assign>
<msg timestamp="20220530 10:23:51.236" level="INFO">${linktext} = </msg>
<status status="PASS" starttime="20220530 10:23:51.205" endtime="20220530 10:23:51.236"></status>
</kw>
<kw name="Log To Console" library="BuiltIn">
<doc>Logs the given message to the console.</doc>
<arguments>
<arg>${linktext}</arg>
</arguments>
<status status="PASS" starttime="20220530 10:23:51.236" endtime="20220530 10:23:51.236"></status>
</kw>
<status status="PASS" starttime="20220530 10:23:51.205" endtime="20220530 10:23:51.236"></status>
</kw>
<kw name="${i} = 57" type="foritem">
<kw name="Get Text" library="SeleniumLibrary">
<doc>Returns the text value of element identified by ``locator``.</doc>
<arguments>
<arg>xpath:(//a)[${i}]</arg>
</arguments>
<assign>
<var>${linktext}</var>
</assign>
<msg timestamp="20220530 10:23:51.257" level="INFO">${linktext} = </msg>
<status status="PASS" starttime="20220530 10:23:51.237" endtime="20220530 10:23:51.257"></status>
</kw>
<kw name="Log To Console" library="BuiltIn">
<doc>Logs the given message to the console.</doc>
<arguments>
<arg>${linktext}</arg>
</arguments>
<status status="PASS" starttime="20220530 10:23:51.257" endtime="20220530 10:23:51.258"></status>
</kw>
<status status="PASS" starttime="20220530 10:23:51.236" endtime="20220530 10:23:51.258"></status>
</kw>
<kw name="${i} = 58" type="foritem">
<kw name="Get Text" library="SeleniumLibrary">
<doc>Returns the text value of element identified by ``locator``.</doc>
<arguments>
<arg>xpath:(//a)[${i}]</arg>
</arguments>
<assign>
<var>${linktext}</var>
</assign>
<msg timestamp="20220530 10:23:51.279" level="INFO">${linktext} = </msg>
<status status="PASS" starttime="20220530 10:23:51.258" endtime="20220530 10:23:51.279"></status>
</kw>
<kw name="Log To Console" library="BuiltIn">
<doc>Logs the given message to the console.</doc>
<arguments>
<arg>${linktext}</arg>
</arguments>
<status status="PASS" starttime="20220530 10:23:51.279" endtime="20220530 10:23:51.280"></status>
</kw>
<status status="PASS" starttime="20220530 10:23:51.258" endtime="20220530 10:23:51.280"></status>
</kw>
<kw name="${i} = 59" type="foritem">
<kw name="Get Text" library="SeleniumLibrary">
<doc>Returns the text value of element identified by ``locator``.</doc>
<arguments>
<arg>xpath:(//a)[${i}]</arg>
</arguments>
<assign>
<var>${linktext}</var>
</assign>
<msg timestamp="20220530 10:23:51.298" level="INFO">${linktext} = </msg>
<status status="PASS" starttime="20220530 10:23:51.280" endtime="20220530 10:23:51.298"></status>
</kw>
<kw name="Log To Console" library="BuiltIn">
<doc>Logs the given message to the console.</doc>
<arguments>
<arg>${linktext}</arg>
</arguments>
<status status="PASS" starttime="20220530 10:23:51.298" endtime="20220530 10:23:51.298"></status>
</kw>
<status status="PASS" starttime="20220530 10:23:51.280" endtime="20220530 10:23:51.298"></status>
</kw>
<kw name="${i} = 60" type="foritem">
<kw name="Get Text" library="SeleniumLibrary">
<doc>Returns the text value of element identified by ``locator``.</doc>
<arguments>
<arg>xpath:(//a)[${i}]</arg>
</arguments>
<assign>
<var>${linktext}</var>
</assign>
<msg timestamp="20220530 10:23:51.319" level="INFO">${linktext} = </msg>
<status status="PASS" starttime="20220530 10:23:51.299" endtime="20220530 10:23:51.319"></status>
</kw>
<kw name="Log To Console" library="BuiltIn">
<doc>Logs the given message to the console.</doc>
<arguments>
<arg>${linktext}</arg>
</arguments>
<status status="PASS" starttime="20220530 10:23:51.319" endtime="20220530 10:23:51.320"></status>
</kw>
<status status="PASS" starttime="20220530 10:23:51.299" endtime="20220530 10:23:51.320"></status>
</kw>
<kw name="${i} = 61" type="foritem">
<kw name="Get Text" library="SeleniumLibrary">
<doc>Returns the text value of element identified by ``locator``.</doc>
<arguments>
<arg>xpath:(//a)[${i}]</arg>
</arguments>
<assign>
<var>${linktext}</var>
</assign>
<msg timestamp="20220530 10:23:51.354" level="INFO">${linktext} = </msg>
<status status="PASS" starttime="20220530 10:23:51.320" endtime="20220530 10:23:51.354"></status>
</kw>
<kw name="Log To Console" library="BuiltIn">
<doc>Logs the given message to the console.</doc>
<arguments>
<arg>${linktext}</arg>
</arguments>
<status status="PASS" starttime="20220530 10:23:51.354" endtime="20220530 10:23:51.355"></status>
</kw>
<status status="PASS" starttime="20220530 10:23:51.320" endtime="20220530 10:23:51.355"></status>
</kw>
<kw name="${i} = 62" type="foritem">
<kw name="Get Text" library="SeleniumLibrary">
<doc>Returns the text value of element identified by ``locator``.</doc>
<arguments>
<arg>xpath:(//a)[${i}]</arg>
</arguments>
<assign>
<var>${linktext}</var>
</assign>
<msg timestamp="20220530 10:23:51.376" level="INFO">${linktext} = </msg>
<status status="PASS" starttime="20220530 10:23:51.355" endtime="20220530 10:23:51.376"></status>
</kw>
<kw name="Log To Console" library="BuiltIn">
<doc>Logs the given message to the console.</doc>
<arguments>
<arg>${linktext}</arg>
</arguments>
<status status="PASS" starttime="20220530 10:23:51.376" endtime="20220530 10:23:51.376"></status>
</kw>
<status status="PASS" starttime="20220530 10:23:51.355" endtime="20220530 10:23:51.376"></status>
</kw>
<kw name="${i} = 63" type="foritem">
<kw name="Get Text" library="SeleniumLibrary">
<doc>Returns the text value of element identified by ``locator``.</doc>
<arguments>
<arg>xpath:(//a)[${i}]</arg>
</arguments>
<assign>
<var>${linktext}</var>
</assign>
<msg timestamp="20220530 10:23:51.395" level="INFO">${linktext} = </msg>
<status status="PASS" starttime="20220530 10:23:51.377" endtime="20220530 10:23:51.395"></status>
</kw>
<kw name="Log To Console" library="BuiltIn">
<doc>Logs the given message to the console.</doc>
<arguments>
<arg>${linktext}</arg>
</arguments>
<status status="PASS" starttime="20220530 10:23:51.395" endtime="20220530 10:23:51.396"></status>
</kw>
<status status="PASS" starttime="20220530 10:23:51.376" endtime="20220530 10:23:51.396"></status>
</kw>
<kw name="${i} = 64" type="foritem">
<kw name="Get Text" library="SeleniumLibrary">
<doc>Returns the text value of element identified by ``locator``.</doc>
<arguments>
<arg>xpath:(//a)[${i}]</arg>
</arguments>
<assign>
<var>${linktext}</var>
</assign>
<msg timestamp="20220530 10:23:51.417" level="INFO">${linktext} = </msg>
<status status="PASS" starttime="20220530 10:23:51.396" endtime="20220530 10:23:51.417"></status>
</kw>
<kw name="Log To Console" library="BuiltIn">
<doc>Logs the given message to the console.</doc>
<arguments>
<arg>${linktext}</arg>
</arguments>
<status status="PASS" starttime="20220530 10:23:51.417" endtime="20220530 10:23:51.418"></status>
</kw>
<status status="PASS" starttime="20220530 10:23:51.396" endtime="20220530 10:23:51.418"></status>
</kw>
<kw name="${i} = 65" type="foritem">
<kw name="Get Text" library="SeleniumLibrary">
<doc>Returns the text value of element identified by ``locator``.</doc>
<arguments>
<arg>xpath:(//a)[${i}]</arg>
</arguments>
<assign>
<var>${linktext}</var>
</assign>
<msg timestamp="20220530 10:23:51.436" level="INFO">${linktext} = </msg>
<status status="PASS" starttime="20220530 10:23:51.418" endtime="20220530 10:23:51.436"></status>
</kw>
<kw name="Log To Console" library="BuiltIn">
<doc>Logs the given message to the console.</doc>
<arguments>
<arg>${linktext}</arg>
</arguments>
<status status="PASS" starttime="20220530 10:23:51.437" endtime="20220530 10:23:51.437"></status>
</kw>
<status status="PASS" starttime="20220530 10:23:51.418" endtime="20220530 10:23:51.437"></status>
</kw>
<kw name="${i} = 66" type="foritem">
<kw name="Get Text" library="SeleniumLibrary">
<doc>Returns the text value of element identified by ``locator``.</doc>
<arguments>
<arg>xpath:(//a)[${i}]</arg>
</arguments>
<assign>
<var>${linktext}</var>
</assign>
<msg timestamp="20220530 10:23:51.457" level="INFO">${linktext} = </msg>
<status status="PASS" starttime="20220530 10:23:51.437" endtime="20220530 10:23:51.457"></status>
</kw>
<kw name="Log To Console" library="BuiltIn">
<doc>Logs the given message to the console.</doc>
<arguments>
<arg>${linktext}</arg>
</arguments>
<status status="PASS" starttime="20220530 10:23:51.457" endtime="20220530 10:23:51.457"></status>
</kw>
<status status="PASS" starttime="20220530 10:23:51.437" endtime="20220530 10:23:51.458"></status>
</kw>
<kw name="${i} = 67" type="foritem">
<kw name="Get Text" library="SeleniumLibrary">
<doc>Returns the text value of element identified by ``locator``.</doc>
<arguments>
<arg>xpath:(//a)[${i}]</arg>
</arguments>
<assign>
<var>${linktext}</var>
</assign>
<msg timestamp="20220530 10:23:51.479" level="INFO">${linktext} = </msg>
<status status="PASS" starttime="20220530 10:23:51.458" endtime="20220530 10:23:51.479"></status>
</kw>
<kw name="Log To Console" library="BuiltIn">
<doc>Logs the given message to the console.</doc>
<arguments>
<arg>${linktext}</arg>
</arguments>
<status status="PASS" starttime="20220530 10:23:51.479" endtime="20220530 10:23:51.479"></status>
</kw>
<status status="PASS" starttime="20220530 10:23:51.458" endtime="20220530 10:23:51.479"></status>
</kw>
<kw name="${i} = 68" type="foritem">
<kw name="Get Text" library="SeleniumLibrary">
<doc>Returns the text value of element identified by ``locator``.</doc>
<arguments>
<arg>xpath:(//a)[${i}]</arg>
</arguments>
<assign>
<var>${linktext}</var>
</assign>
<msg timestamp="20220530 10:23:51.500" level="INFO">${linktext} = </msg>
<status status="PASS" starttime="20220530 10:23:51.480" endtime="20220530 10:23:51.500"></status>
</kw>
<kw name="Log To Console" library="BuiltIn">
<doc>Logs the given message to the console.</doc>
<arguments>
<arg>${linktext}</arg>
</arguments>
<status status="PASS" starttime="20220530 10:23:51.500" endtime="20220530 10:23:51.501"></status>
</kw>
<status status="PASS" starttime="20220530 10:23:51.480" endtime="20220530 10:23:51.501"></status>
</kw>
<kw name="${i} = 69" type="foritem">
<kw name="Get Text" library="SeleniumLibrary">
<doc>Returns the text value of element identified by ``locator``.</doc>
<arguments>
<arg>xpath:(//a)[${i}]</arg>
</arguments>
<assign>
<var>${linktext}</var>
</assign>
<msg timestamp="20220530 10:23:51.521" level="INFO">${linktext} = </msg>
<status status="PASS" starttime="20220530 10:23:51.501" endtime="20220530 10:23:51.521"></status>
</kw>
<kw name="Log To Console" library="BuiltIn">
<doc>Logs the given message to the console.</doc>
<arguments>
<arg>${linktext}</arg>
</arguments>
<status status="PASS" starttime="20220530 10:23:51.521" endtime="20220530 10:23:51.522"></status>
</kw>
<status status="PASS" starttime="20220530 10:23:51.501" endtime="20220530 10:23:51.522"></status>
</kw>
<kw name="${i} = 70" type="foritem">
<kw name="Get Text" library="SeleniumLibrary">
<doc>Returns the text value of element identified by ``locator``.</doc>
<arguments>
<arg>xpath:(//a)[${i}]</arg>
</arguments>
<assign>
<var>${linktext}</var>
</assign>
<msg timestamp="20220530 10:23:51.544" level="INFO">${linktext} = </msg>
<status status="PASS" starttime="20220530 10:23:51.522" endtime="20220530 10:23:51.544"></status>
</kw>
<kw name="Log To Console" library="BuiltIn">
<doc>Logs the given message to the console.</doc>
<arguments>
<arg>${linktext}</arg>
</arguments>
<status status="PASS" starttime="20220530 10:23:51.545" endtime="20220530 10:23:51.545"></status>
</kw>
<status status="PASS" starttime="20220530 10:23:51.522" endtime="20220530 10:23:51.545"></status>
</kw>
<kw name="${i} = 71" type="foritem">
<kw name="Get Text" library="SeleniumLibrary">
<doc>Returns the text value of element identified by ``locator``.</doc>
<arguments>
<arg>xpath:(//a)[${i}]</arg>
</arguments>
<assign>
<var>${linktext}</var>
</assign>
<msg timestamp="20220530 10:23:51.566" level="INFO">${linktext} = </msg>
<status status="PASS" starttime="20220530 10:23:51.545" endtime="20220530 10:23:51.567"></status>
</kw>
<kw name="Log To Console" library="BuiltIn">
<doc>Logs the given message to the console.</doc>
<arguments>
<arg>${linktext}</arg>
</arguments>
<status status="PASS" starttime="20220530 10:23:51.567" endtime="20220530 10:23:51.567"></status>
</kw>
<status status="PASS" starttime="20220530 10:23:51.545" endtime="20220530 10:23:51.567"></status>
</kw>
<kw name="${i} = 72" type="foritem">
<kw name="Get Text" library="SeleniumLibrary">
<doc>Returns the text value of element identified by ``locator``.</doc>
<arguments>
<arg>xpath:(//a)[${i}]</arg>
</arguments>
<assign>
<var>${linktext}</var>
</assign>
<msg timestamp="20220530 10:23:51.587" level="INFO">${linktext} = </msg>
<status status="PASS" starttime="20220530 10:23:51.567" endtime="20220530 10:23:51.587"></status>
</kw>
<kw name="Log To Console" library="BuiltIn">
<doc>Logs the given message to the console.</doc>
<arguments>
<arg>${linktext}</arg>
</arguments>
<status status="PASS" starttime="20220530 10:23:51.588" endtime="20220530 10:23:51.590"></status>
</kw>
<status status="PASS" starttime="20220530 10:23:51.567" endtime="20220530 10:23:51.590"></status>
</kw>
<kw name="${i} = 73" type="foritem">
<kw name="Get Text" library="SeleniumLibrary">
<doc>Returns the text value of element identified by ``locator``.</doc>
<arguments>
<arg>xpath:(//a)[${i}]</arg>
</arguments>
<assign>
<var>${linktext}</var>
</assign>
<msg timestamp="20220530 10:23:51.612" level="INFO">${linktext} = ACs</msg>
<status status="PASS" starttime="20220530 10:23:51.591" endtime="20220530 10:23:51.612"></status>
</kw>
<kw name="Log To Console" library="BuiltIn">
<doc>Logs the given message to the console.</doc>
<arguments>
<arg>${linktext}</arg>
</arguments>
<status status="PASS" starttime="20220530 10:23:51.612" endtime="20220530 10:23:51.612"></status>
</kw>
<status status="PASS" starttime="20220530 10:23:51.590" endtime="20220530 10:23:51.612"></status>
</kw>
<kw name="${i} = 74" type="foritem">
<kw name="Get Text" library="SeleniumLibrary">
<doc>Returns the text value of element identified by ``locator``.</doc>
<arguments>
<arg>xpath:(//a)[${i}]</arg>
</arguments>
<assign>
<var>${linktext}</var>
</assign>
<msg timestamp="20220530 10:23:51.633" level="INFO">${linktext} = Refrigerators</msg>
<status status="PASS" starttime="20220530 10:23:51.612" endtime="20220530 10:23:51.633"></status>
</kw>
<kw name="Log To Console" library="BuiltIn">
<doc>Logs the given message to the console.</doc>
<arguments>
<arg>${linktext}</arg>
</arguments>
<status status="PASS" starttime="20220530 10:23:51.634" endtime="20220530 10:23:51.634"></status>
</kw>
<status status="PASS" starttime="20220530 10:23:51.612" endtime="20220530 10:23:51.634"></status>
</kw>
<kw name="${i} = 75" type="foritem">
<kw name="Get Text" library="SeleniumLibrary">
<doc>Returns the text value of element identified by ``locator``.</doc>
<arguments>
<arg>xpath:(//a)[${i}]</arg>
</arguments>
<assign>
<var>${linktext}</var>
</assign>
<msg timestamp="20220530 10:23:51.655" level="INFO">${linktext} = Microwaves</msg>
<status status="PASS" starttime="20220530 10:23:51.635" endtime="20220530 10:23:51.655"></status>
</kw>
<kw name="Log To Console" library="BuiltIn">
<doc>Logs the given message to the console.</doc>
<arguments>
<arg>${linktext}</arg>
</arguments>
<status status="PASS" starttime="20220530 10:23:51.655" endtime="20220530 10:23:51.656"></status>
</kw>
<status status="PASS" starttime="20220530 10:23:51.635" endtime="20220530 10:23:51.656"></status>
</kw>
<kw name="${i} = 76" type="foritem">
<kw name="Get Text" library="SeleniumLibrary">
<doc>Returns the text value of element identified by ``locator``.</doc>
<arguments>
<arg>xpath:(//a)[${i}]</arg>
</arguments>
<assign>
<var>${linktext}</var>
</assign>
<msg timestamp="20220530 10:23:51.676" level="INFO">${linktext} = Washing machines</msg>
<status status="PASS" starttime="20220530 10:23:51.656" endtime="20220530 10:23:51.676"></status>
</kw>
<kw name="Log To Console" library="BuiltIn">
<doc>Logs the given message to the console.</doc>
<arguments>
<arg>${linktext}</arg>
</arguments>
<status status="PASS" starttime="20220530 10:23:51.676" endtime="20220530 10:23:51.676"></status>
</kw>
<status status="PASS" starttime="20220530 10:23:51.656" endtime="20220530 10:23:51.677"></status>
</kw>
<kw name="${i} = 77" type="foritem">
<kw name="Get Text" library="SeleniumLibrary">
<doc>Returns the text value of element identified by ``locator``.</doc>
<arguments>
<arg>xpath:(//a)[${i}]</arg>
</arguments>
<assign>
<var>${linktext}</var>
</assign>
<msg timestamp="20220530 10:23:51.698" level="INFO">${linktext} = See more</msg>
<status status="PASS" starttime="20220530 10:23:51.677" endtime="20220530 10:23:51.698"></status>
</kw>
<kw name="Log To Console" library="BuiltIn">
<doc>Logs the given message to the console.</doc>
<arguments>
<arg>${linktext}</arg>
</arguments>
<status status="PASS" starttime="20220530 10:23:51.699" endtime="20220530 10:23:51.699"></status>
</kw>
<status status="PASS" starttime="20220530 10:23:51.677" endtime="20220530 10:23:51.699"></status>
</kw>
<kw name="${i} = 78" type="foritem">
<kw name="Get Text" library="SeleniumLibrary">
<doc>Returns the text value of element identified by ``locator``.</doc>
<arguments>
<arg>xpath:(//a)[${i}]</arg>
</arguments>
<assign>
<var>${linktext}</var>
</assign>
<msg timestamp="20220530 10:23:51.720" level="INFO">${linktext} = Smart LED TVs</msg>
<status status="PASS" starttime="20220530 10:23:51.699" endtime="20220530 10:23:51.720"></status>
</kw>
<kw name="Log To Console" library="BuiltIn">
<doc>Logs the given message to the console.</doc>
<arguments>
<arg>${linktext}</arg>
</arguments>
<status status="PASS" starttime="20220530 10:23:51.720" endtime="20220530 10:23:51.721"></status>
</kw>
<status status="PASS" starttime="20220530 10:23:51.699" endtime="20220530 10:23:51.721"></status>
</kw>
<kw name="${i} = 79" type="foritem">
<kw name="Get Text" library="SeleniumLibrary">
<doc>Returns the text value of element identified by ``locator``.</doc>
<arguments>
<arg>xpath:(//a)[${i}]</arg>
</arguments>
<assign>
<var>${linktext}</var>
</assign>
<msg timestamp="20220530 10:23:51.742" level="INFO">${linktext} = Appliances</msg>
<status status="PASS" starttime="20220530 10:23:51.721" endtime="20220530 10:23:51.742"></status>
</kw>
<kw name="Log To Console" library="BuiltIn">
<doc>Logs the given message to the console.</doc>
<arguments>
<arg>${linktext}</arg>
</arguments>
<status status="PASS" starttime="20220530 10:23:51.742" endtime="20220530 10:23:51.742"></status>
</kw>
<status status="PASS" starttime="20220530 10:23:51.721" endtime="20220530 10:23:51.742"></status>
</kw>
<kw name="${i} = 80" type="foritem">
<kw name="Get Text" library="SeleniumLibrary">
<doc>Returns the text value of element identified by ``locator``.</doc>
<arguments>
<arg>xpath:(//a)[${i}]</arg>
</arguments>
<assign>
<var>${linktext}</var>
</assign>
<msg timestamp="20220530 10:23:51.765" level="INFO">${linktext} = Furniture</msg>
<status status="PASS" starttime="20220530 10:23:51.743" endtime="20220530 10:23:51.765"></status>
</kw>
<kw name="Log To Console" library="BuiltIn">
<doc>Logs the given message to the console.</doc>
<arguments>
<arg>${linktext}</arg>
</arguments>
<status status="PASS" starttime="20220530 10:23:51.765" endtime="20220530 10:23:51.766"></status>
</kw>
<status status="PASS" starttime="20220530 10:23:51.743" endtime="20220530 10:23:51.766"></status>
</kw>
<kw name="${i} = 81" type="foritem">
<kw name="Get Text" library="SeleniumLibrary">
<doc>Returns the text value of element identified by ``locator``.</doc>
<arguments>
<arg>xpath:(//a)[${i}]</arg>
</arguments>
<assign>
<var>${linktext}</var>
</assign>
<msg timestamp="20220530 10:23:51.790" level="INFO">${linktext} = Kitchen products</msg>
<status status="PASS" starttime="20220530 10:23:51.766" endtime="20220530 10:23:51.790"></status>
</kw>
<kw name="Log To Console" library="BuiltIn">
<doc>Logs the given message to the console.</doc>
<arguments>
<arg>${linktext}</arg>
</arguments>
<status status="PASS" starttime="20220530 10:23:51.790" endtime="20220530 10:23:51.791"></status>
</kw>
<status status="PASS" starttime="20220530 10:23:51.766" endtime="20220530 10:23:51.791"></status>
</kw>
<kw name="${i} = 82" type="foritem">
<kw name="Get Text" library="SeleniumLibrary">
<doc>Returns the text value of element identified by ``locator``.</doc>
<arguments>
<arg>xpath:(//a)[${i}]</arg>
</arguments>
<assign>
<var>${linktext}</var>
</assign>
<msg timestamp="20220530 10:23:51.812" level="INFO">${linktext} = Shop now</msg>
<status status="PASS" starttime="20220530 10:23:51.791" endtime="20220530 10:23:51.812"></status>
</kw>
<kw name="Log To Console" library="BuiltIn">
<doc>Logs the given message to the console.</doc>
<arguments>
<arg>${linktext}</arg>
</arguments>
<status status="PASS" starttime="20220530 10:23:51.812" endtime="20220530 10:23:51.813"></status>
</kw>
<status status="PASS" starttime="20220530 10:23:51.791" endtime="20220530 10:23:51.813"></status>
</kw>
<kw name="${i} = 83" type="foritem">
<kw name="Get Text" library="SeleniumLibrary">
<doc>Returns the text value of element identified by ``locator``.</doc>
<arguments>
<arg>xpath:(//a)[${i}]</arg>
</arguments>
<assign>
<var>${linktext}</var>
</assign>
<msg timestamp="20220530 10:23:51.837" level="INFO">${linktext} = Clothing</msg>
<status status="PASS" starttime="20220530 10:23:51.813" endtime="20220530 10:23:51.837"></status>
</kw>
<kw name="Log To Console" library="BuiltIn">
<doc>Logs the given message to the console.</doc>
<arguments>
<arg>${linktext}</arg>
</arguments>
<status status="PASS" starttime="20220530 10:23:51.837" endtime="20220530 10:23:51.837"></status>
</kw>
<status status="PASS" starttime="20220530 10:23:51.813" endtime="20220530 10:23:51.837"></status>
</kw>
<kw name="${i} = 84" type="foritem">
<kw name="Get Text" library="SeleniumLibrary">
<doc>Returns the text value of element identified by ``locator``.</doc>
<arguments>
<arg>xpath:(//a)[${i}]</arg>
</arguments>
<assign>
<var>${linktext}</var>
</assign>
<msg timestamp="20220530 10:23:51.861" level="INFO">${linktext} = Footwear</msg>
<status status="PASS" starttime="20220530 10:23:51.837" endtime="20220530 10:23:51.861"></status>
</kw>
<kw name="Log To Console" library="BuiltIn">
<doc>Logs the given message to the console.</doc>
<arguments>
<arg>${linktext}</arg>
</arguments>
<status status="PASS" starttime="20220530 10:23:51.861" endtime="20220530 10:23:51.863"></status>
</kw>
<status status="PASS" starttime="20220530 10:23:51.837" endtime="20220530 10:23:51.863"></status>
</kw>
<kw name="${i} = 85" type="foritem">
<kw name="Get Text" library="SeleniumLibrary">
<doc>Returns the text value of element identified by ``locator``.</doc>
<arguments>
<arg>xpath:(//a)[${i}]</arg>
</arguments>
<assign>
<var>${linktext}</var>
</assign>
<msg timestamp="20220530 10:23:51.891" level="INFO">${linktext} = Watches</msg>
<status status="PASS" starttime="20220530 10:23:51.863" endtime="20220530 10:23:51.891"></status>
</kw>
<kw name="Log To Console" library="BuiltIn">
<doc>Logs the given message to the console.</doc>
<arguments>
<arg>${linktext}</arg>
</arguments>
<status status="PASS" starttime="20220530 10:23:51.891" endtime="20220530 10:23:51.892"></status>
</kw>
<status status="PASS" starttime="20220530 10:23:51.863" endtime="20220530 10:23:51.892"></status>
</kw>
<kw name="${i} = 86" type="foritem">
<kw name="Get Text" library="SeleniumLibrary">
<doc>Returns the text value of element identified by ``locator``.</doc>
<arguments>
<arg>xpath:(//a)[${i}]</arg>
</arguments>
<assign>
<var>${linktext}</var>
</assign>
<msg timestamp="20220530 10:23:51.919" level="INFO">${linktext} = Bags &amp; luggage</msg>
<status status="PASS" starttime="20220530 10:23:51.892" endtime="20220530 10:23:51.919"></status>
</kw>
<kw name="Log To Console" library="BuiltIn">
<doc>Logs the given message to the console.</doc>
<arguments>
<arg>${linktext}</arg>
</arguments>
<status status="PASS" starttime="20220530 10:23:51.919" endtime="20220530 10:23:51.920"></status>
</kw>
<status status="PASS" starttime="20220530 10:23:51.892" endtime="20220530 10:23:51.920"></status>
</kw>
<kw name="${i} = 87" type="foritem">
<kw name="Get Text" library="SeleniumLibrary">
<doc>Returns the text value of element identified by ``locator``.</doc>
<arguments>
<arg>xpath:(//a)[${i}]</arg>
</arguments>
<assign>
<var>${linktext}</var>
</assign>
<msg timestamp="20220530 10:23:51.969" level="INFO">${linktext} = See all offers</msg>
<status status="PASS" starttime="20220530 10:23:51.920" endtime="20220530 10:23:51.969"></status>
</kw>
<kw name="Log To Console" library="BuiltIn">
<doc>Logs the given message to the console.</doc>
<arguments>
<arg>${linktext}</arg>
</arguments>
<status status="PASS" starttime="20220530 10:23:51.969" endtime="20220530 10:23:51.969"></status>
</kw>
<status status="PASS" starttime="20220530 10:23:51.920" endtime="20220530 10:23:51.969"></status>
</kw>
<kw name="${i} = 88" type="foritem">
<kw name="Get Text" library="SeleniumLibrary">
<doc>Returns the text value of element identified by ``locator``.</doc>
<arguments>
<arg>xpath:(//a)[${i}]</arg>
</arguments>
<assign>
<var>${linktext}</var>
</assign>
<msg timestamp="20220530 10:23:51.996" level="INFO">${linktext} = Women's Clothing</msg>
<status status="PASS" starttime="20220530 10:23:51.970" endtime="20220530 10:23:51.996"></status>
</kw>
<kw name="Log To Console" library="BuiltIn">
<doc>Logs the given message to the console.</doc>
<arguments>
<arg>${linktext}</arg>
</arguments>
<status status="PASS" starttime="20220530 10:23:51.996" endtime="20220530 10:23:51.996"></status>
</kw>
<status status="PASS" starttime="20220530 10:23:51.969" endtime="20220530 10:23:51.997"></status>
</kw>
<kw name="${i} = 89" type="foritem">
<kw name="Get Text" library="SeleniumLibrary">
<doc>Returns the text value of element identified by ``locator``.</doc>
<arguments>
<arg>xpath:(//a)[${i}]</arg>
</arguments>
<assign>
<var>${linktext}</var>
</assign>
<msg timestamp="20220530 10:23:52.019" level="INFO">${linktext} = Footwear+Handbags</msg>
<status status="PASS" starttime="20220530 10:23:51.997" endtime="20220530 10:23:52.019"></status>
</kw>
<kw name="Log To Console" library="BuiltIn">
<doc>Logs the given message to the console.</doc>
<arguments>
<arg>${linktext}</arg>
</arguments>
<status status="PASS" starttime="20220530 10:23:52.019" endtime="20220530 10:23:52.020"></status>
</kw>
<status status="PASS" starttime="20220530 10:23:51.997" endtime="20220530 10:23:52.020"></status>
</kw>
<kw name="${i} = 90" type="foritem">
<kw name="Get Text" library="SeleniumLibrary">
<doc>Returns the text value of element identified by ``locator``.</doc>
<arguments>
<arg>xpath:(//a)[${i}]</arg>
</arguments>
<assign>
<var>${linktext}</var>
</assign>
<msg timestamp="20220530 10:23:52.046" level="INFO">${linktext} = Watches</msg>
<status status="PASS" starttime="20220530 10:23:52.020" endtime="20220530 10:23:52.046"></status>
</kw>
<kw name="Log To Console" library="BuiltIn">
<doc>Logs the given message to the console.</doc>
<arguments>
<arg>${linktext}</arg>
[...]
<kw name="Log To Console" library="BuiltIn">
<doc>Logs the given message to the console.</doc>
<arguments>
<arg>${i}</arg>
</arguments>
<status status="PASS" starttime="20220530 10:23:32.601" endtime="20220530 10:23:32.601"></status>
</kw>
<status status="PASS" starttime="20220530 10:23:32.601" endtime="20220530 10:23:32.601"></status>
</kw>
<kw name="${i} = 8" type="foritem">
<kw name="Log To Console" library="BuiltIn">
<doc>Logs the given message to the console.</doc>
<arguments>
<arg>${i}</arg>
</arguments>
<status status="PASS" starttime="20220530 10:23:32.601" endtime="20220530 10:23:32.602"></status>
</kw>
<status status="PASS" starttime="20220530 10:23:32.601" endtime="20220530 10:23:32.602"></status>
</kw>
<kw name="${i} = 9" type="foritem">
<kw name="Log To Console" library="BuiltIn">
<doc>Logs the given message to the console.</doc>
<arguments>
<arg>${i}</arg>
</arguments>
<status status="PASS" starttime="20220530 10:23:32.602" endtime="20220530 10:23:32.602"></status>
</kw>
<status status="PASS" starttime="20220530 10:23:32.602" endtime="20220530 10:23:32.602"></status>
</kw>
<kw name="${i} = 10" type="foritem">
<kw name="Log To Console" library="BuiltIn">
<doc>Logs the given message to the console.</doc>
<arguments>
<arg>${i}</arg>
</arguments>
<status status="PASS" starttime="20220530 10:23:32.602" endtime="20220530 10:23:32.602"></status>
</kw>
<status status="PASS" starttime="20220530 10:23:32.602" endtime="20220530 10:23:32.602"></status>
</kw>
<status status="PASS" starttime="20220530 10:23:32.597" endtime="20220530 10:23:32.602"></status>
</kw>
<status status="PASS" starttime="20220530 10:23:32.596" endtime="20220530 10:23:32.602" critical="yes"></status>
</test>
<test id="s1-s26-t2" name="ForLoop2">
<kw name="${j} IN [ 1 2 3 4 5 6 7 8 9 ]" type="for">
<msg timestamp="20220530 10:23:32.604" level="WARN">Error in file 'C:\Users\parma\PycharmProjects\Automation\TestSuite\19ForLoop.robot' in FOR loop starting on line 7: For loop header ':FOR' is deprecated. Use 'FOR' instead.</msg>
<msg timestamp="20220530 10:23:32.604" level="WARN">Error in file 'C:\Users\parma\PycharmProjects\Automation\TestSuite\19ForLoop.robot' in FOR loop starting on line 7: Marking for loop body with '\' is deprecated. Remove markers and use 'END' instead.</msg>
<kw name="${j} = 1 2 3 4 5 6 7 8 9" type="foritem">
<kw name="Log To Console" library="BuiltIn">
<doc>Logs the given message to the console.</doc>
<arguments>
<arg>${j}</arg>
</arguments>
<status status="PASS" starttime="20220530 10:23:32.604" endtime="20220530 10:23:32.605"></status>
</kw>
<status status="PASS" starttime="20220530 10:23:32.604" endtime="20220530 10:23:32.605"></status>
</kw>
<status status="PASS" starttime="20220530 10:23:32.603" endtime="20220530 10:23:32.605"></status>
</kw>
<status status="PASS" starttime="20220530 10:23:32.602" endtime="20220530 10:23:32.605" critical="yes"></status>
</test>
<test id="s1-s26-t3" name="ForLoop3 With List">
<kw name="Create List" library="BuiltIn">
<doc>Returns a list containing given items.</doc>
<arguments>
<arg>1 2 3 4 5 6 7 8 9 9</arg>
</arguments>
<assign>
<var>@{items}</var>
</assign>
<msg timestamp="20220530 10:23:32.606" level="INFO">@{items} = [ 1 2 3 4 5 6 7 8 9 9 ]</msg>
<status status="PASS" starttime="20220530 10:23:32.605" endtime="20220530 10:23:32.606"></status>
</kw>
<kw name="${k} IN [ @{items} ]" type="for">
<msg timestamp="20220530 10:23:32.606" level="WARN">Error in file 'C:\Users\parma\PycharmProjects\Automation\TestSuite\19ForLoop.robot' in FOR loop starting on line 12: For loop header ':FOR' is deprecated. Use 'FOR' instead.</msg>
<msg timestamp="20220530 10:23:32.606" level="WARN">Error in file 'C:\Users\parma\PycharmProjects\Automation\TestSuite\19ForLoop.robot' in FOR loop starting on line 12: Marking for loop body with '\' is deprecated. Remove markers and use 'END' instead.</msg>
<kw name="${k} = 1 2 3 4 5 6 7 8 9 9" type="foritem">
<kw name="Log To Console" library="BuiltIn">
<doc>Logs the given message to the console.</doc>
<arguments>
<arg>${k}</arg>
</arguments>
<status status="PASS" starttime="20220530 10:23:32.606" endtime="20220530 10:23:32.607"></status>
</kw>
<status status="PASS" starttime="20220530 10:23:32.606" endtime="20220530 10:23:32.607"></status>
</kw>
<status status="PASS" starttime="20220530 10:23:32.606" endtime="20220530 10:23:32.607"></status>
</kw>
<status status="PASS" starttime="20220530 10:23:32.605" endtime="20220530 10:23:32.607" critical="yes"></status>
</test>
<test id="s1-s26-t4" name="ForLoop4">
<kw name="${l} IN [ parmar | bhavin | dineshbhai ]" type="for">
<msg timestamp="20220530 10:23:32.607" level="WARN">Error in file 'C:\Users\parma\PycharmProjects\Automation\TestSuite\19ForLoop.robot' in FOR loop starting on line 16: For loop header ':FOR' is deprecated. Use 'FOR' instead.</msg>
<msg timestamp="20220530 10:23:32.607" level="WARN">Error in file 'C:\Users\parma\PycharmProjects\Automation\TestSuite\19ForLoop.robot' in FOR loop starting on line 16: Marking for loop body with '\' is deprecated. Remove markers and use 'END' instead.</msg>
<kw name="${l} = parmar" type="foritem">
<kw name="Log To Console" library="BuiltIn">
<doc>Logs the given message to the console.</doc>
<arguments>
<arg>${l}</arg>
</arguments>
<status status="PASS" starttime="20220530 10:23:32.608" endtime="20220530 10:23:32.608"></status>
</kw>
<status status="PASS" starttime="20220530 10:23:32.608" endtime="20220530 10:23:32.608"></status>
</kw>
<kw name="${l} = bhavin" type="foritem">
<kw name="Log To Console" library="BuiltIn">
<doc>Logs the given message to the console.</doc>
<arguments>
<arg>${l}</arg>
</arguments>
<status status="PASS" starttime="20220530 10:23:32.608" endtime="20220530 10:23:32.608"></status>
</kw>
<status status="PASS" starttime="20220530 10:23:32.608" endtime="20220530 10:23:32.608"></status>
</kw>
<kw name="${l} = dineshbhai" type="foritem">
<kw name="Log To Console" library="BuiltIn">
<doc>Logs the given message to the console.</doc>
<arguments>
<arg>${l}</arg>
</arguments>
<status status="PASS" starttime="20220530 10:23:32.609" endtime="20220530 10:23:32.609"></status>
</kw>
<status status="PASS" starttime="20220530 10:23:32.608" endtime="20220530 10:23:32.609"></status>
</kw>
<status status="PASS" starttime="20220530 10:23:32.607" endtime="20220530 10:23:32.609"></status>
</kw>
<status status="PASS" starttime="20220530 10:23:32.607" endtime="20220530 10:23:32.609" critical="yes"></status>
</test>
<test id="s1-s26-t5" name="ForLoop5">
<kw name="Create List" library="BuiltIn">
<doc>Returns a list containing given items.</doc>
<arguments>
<arg>l1 l2 l3 l4 l5 l6</arg>
</arguments>
<assign>
<var>@{namelist}</var>
</assign>
<msg timestamp="20220530 10:23:32.609" level="INFO">@{namelist} = [ l1 l2 l3 l4 l5 l6 ]</msg>
<status status="PASS" starttime="20220530 10:23:32.609" endtime="20220530 10:23:32.609"></status>
</kw>
<kw name="${m} IN [ @{namelist} ]" type="for">
<msg timestamp="20220530 10:23:32.610" level="WARN">Error in file 'C:\Users\parma\PycharmProjects\Automation\TestSuite\19ForLoop.robot' in FOR loop starting on line 21: For loop header ':FOR' is deprecated. Use 'FOR' instead.</msg>
<msg timestamp="20220530 10:23:32.610" level="WARN">Error in file 'C:\Users\parma\PycharmProjects\Automation\TestSuite\19ForLoop.robot' in FOR loop starting on line 21: Marking for loop body with '\' is deprecated. Remove markers and use 'END' instead.</msg>
<kw name="${m} = l1 l2 l3 l4 l5 l6" type="foritem">
<kw name="Log To Console" library="BuiltIn">
<doc>Logs the given message to the console.</doc>
<arguments>
<arg>${m}</arg>
</arguments>
<status status="PASS" starttime="20220530 10:23:32.610" endtime="20220530 10:23:32.610"></status>
</kw>
<status status="PASS" starttime="20220530 10:23:32.610" endtime="20220530 10:23:32.611"></status>
</kw>
<status status="PASS" starttime="20220530 10:23:32.609" endtime="20220530 10:23:32.611"></status>
</kw>
<status status="PASS" starttime="20220530 10:23:32.609" endtime="20220530 10:23:32.611" critical="yes"></status>
</test>
<test id="s1-s26-t6" name="ForLoop6">
<kw name="Create List" library="BuiltIn">
<doc>Returns a list containing given items.</doc>
<arguments>
<arg>1</arg>
<arg>2</arg>
<arg>3</arg>
<arg>4</arg>
<arg>5</arg>
<arg>6</arg>
</arguments>
<assign>
<var>@{items}</var>
</assign>
<msg timestamp="20220530 10:23:32.611" level="INFO">@{items} = [ 1 | 2 | 3 | 4 | 5 | 6 ]</msg>
<status status="PASS" starttime="20220530 10:23:32.611" endtime="20220530 10:23:32.611"></status>
</kw>
<kw name="${n} IN [ @{items} ]" type="for">
<msg timestamp="20220530 10:23:32.612" level="WARN">Error in file 'C:\Users\parma\PycharmProjects\Automation\TestSuite\19ForLoop.robot' in FOR loop starting on line 26: For loop header ':FOR' is deprecated. Use 'FOR' instead.</msg>
<msg timestamp="20220530 10:23:32.612" level="WARN">Error in file 'C:\Users\parma\PycharmProjects\Automation\TestSuite\19ForLoop.robot' in FOR loop starting on line 26: Marking for loop body with '\' is deprecated. Remove markers and use 'END' instead.</msg>
<kw name="${n} = 1" type="foritem">
<kw name="Log To Console" library="BuiltIn">
<doc>Logs the given message to the console.</doc>
<arguments>
<arg>${n}</arg>
</arguments>
<status status="PASS" starttime="20220530 10:23:32.612" endtime="20220530 10:23:32.612"></status>
</kw>
<status status="PASS" starttime="20220530 10:23:32.612" endtime="20220530 10:23:32.612"></status>
</kw>
<kw name="${n} = 2" type="foritem">
<kw name="Log To Console" library="BuiltIn">
<doc>Logs the given message to the console.</doc>
<arguments>
<arg>${n}</arg>
</arguments>
<status status="PASS" starttime="20220530 10:23:32.612" endtime="20220530 10:23:32.613"></status>
</kw>
<status status="PASS" starttime="20220530 10:23:32.612" endtime="20220530 10:23:32.613"></status>
</kw>
<kw name="${n} = 3" type="foritem">
<kw name="Log To Console" library="BuiltIn">
<doc>Logs the given message to the console.</doc>
<arguments>
<arg>${n}</arg>
</arguments>
<status status="PASS" starttime="20220530 10:23:32.613" endtime="20220530 10:23:32.613"></status>
</kw>
<status status="PASS" starttime="20220530 10:23:32.613" endtime="20220530 10:23:32.613"></status>
</kw>
<kw name="${n} = 4" type="foritem">
<kw name="Log To Console" library="BuiltIn">
<doc>Logs the given message to the console.</doc>
<arguments>
<arg>${n}</arg>
</arguments>
<status status="PASS" starttime="20220530 10:23:32.613" endtime="20220530 10:23:32.614"></status>
</kw>
<status status="PASS" starttime="20220530 10:23:32.613" endtime="20220530 10:23:32.614"></status>
</kw>
<kw name="${n} = 5" type="foritem">
<kw name="Log To Console" library="BuiltIn">
<doc>Logs the given message to the console.</doc>
<arguments>
<arg>${n}</arg>
</arguments>
<status status="PASS" starttime="20220530 10:23:32.614" endtime="20220530 10:23:32.614"></status>
</kw>
<status status="PASS" starttime="20220530 10:23:32.614" endtime="20220530 10:23:32.614"></status>
</kw>
<kw name="${n} = 6" type="foritem">
<kw name="Log To Console" library="BuiltIn">
<doc>Logs the given message to the console.</doc>
<arguments>
<arg>${n}</arg>
</arguments>
<status status="PASS" starttime="20220530 10:23:32.614" endtime="20220530 10:23:32.614"></status>
</kw>
<status status="PASS" starttime="20220530 10:23:32.614" endtime="20220530 10:23:32.614"></status>
</kw>
<status status="PASS" starttime="20220530 10:23:32.612" endtime="20220530 10:23:32.615"></status>
</kw>
<status status="PASS" starttime="20220530 10:23:32.611" endtime="20220530 10:23:32.615" critical="yes"></status>
</test>
<status status="PASS" starttime="20220530 10:23:32.595" endtime="20220530 10:23:32.615"></status>
</suite>
<doc>[https://pabot.org/?ref=log|Pabot] result from 26 executions.</doc>
<status status="FAIL" starttime="20220530 10:22:32.870" endtime="20220530 10:25:23.601"></status>
</suite>
<statistics>
<total>
<stat pass="47" fail="1">Critical Tests</stat>
<stat pass="47" fail="1">All Tests</stat>
</total>
<tag>
<stat pass="1" fail="0">regression</stat>
<stat pass="2" fail="0">sanity</stat>
<stat pass="1" fail="0">senity</stat>
</tag>
<suite>
<stat pass="47" fail="1" id="s1" name="Suites">Suites</stat>
<stat pass="0" fail="1" id="s1-s1" name="10TabsWindows">Suites.10TabsWindows</stat>
<stat pass="1" fail="0" id="s1-s2" name="1LogIn">Suites.1LogIn</stat>
<stat pass="1" fail="0" id="s1-s3" name="20GetAllLinks">Suites.20GetAllLinks</stat>
<stat pass="1" fail="0" id="s1-s4" name="21TableDemo">Suites.21TableDemo</stat>
<stat pass="5" fail="0" id="s1-s5" name="22DDT1">Suites.22DDT1</stat>
<stat pass="5" fail="0" id="s1-s6" name="23DDT2 Excel">Suites.23DDT2 Excel</stat>
<stat pass="4" fail="0" id="s1-s7" name="24DDT3 csv">Suites.24DDT3 csv</stat>
<stat pass="4" fail="0" id="s1-s8" name="24SetupAndTeardown">Suites.24SetupAndTeardown</stat>
<stat pass="4" fail="0" id="s1-s9" name="25Tagging">Suites.25Tagging</stat>
<stat pass="1" fail="0" id="s1-s10" name="2LogIn">Suites.2LogIn</stat>
<stat pass="1" fail="0" id="s1-s11" name="3Inputbox">Suites.3Inputbox</stat>
<stat pass="1" fail="0" id="s1-s12" name="11MultiBrowser">Suites.11MultiBrowser</stat>
<stat pass="1" fail="0" id="s1-s13" name="4RadioButtons">Suites.4RadioButtons</stat>
<stat pass="1" fail="0" id="s1-s14" name="5Dropdown">Suites.5Dropdown</stat>
<stat pass="1" fail="0" id="s1-s15" name="6Waits">Suites.6Waits</stat>
<stat pass="1" fail="0" id="s1-s16" name="7CloseBrowser">Suites.7CloseBrowser</stat>
<stat pass="1" fail="0" id="s1-s17" name="8Alert">Suites.8Alert</stat>
<stat pass="1" fail="0" id="s1-s18" name="9Frames">Suites.9Frames</stat>
<stat pass="1" fail="0" id="s1-s19" name="12NavigateKeywords">Suites.12NavigateKeywords</stat>
<stat pass="1" fail="0" id="s1-s20" name="13CaptureScreenshot">Suites.13CaptureScreenshot</stat>
<stat pass="1" fail="0" id="s1-s21" name="14MouseOperation">Suites.14MouseOperation</stat>
<stat pass="1" fail="0" id="s1-s22" name="15UserdefKeywords">Suites.15UserdefKeywords</stat>
<stat pass="1" fail="0" id="s1-s23" name="16UserdefKeywordsWithArgument">Suites.16UserdefKeywordsWithArgument</stat>
<stat pass="1" fail="0" id="s1-s24" name="17Otherdirectory">Suites.17Otherdirectory</stat>
<stat pass="1" fail="0" id="s1-s25" name="18ScrollingPage">Suites.18ScrollingPage</stat>
<stat pass="6" fail="0" id="s1-s26" name="19ForLoop">Suites.19ForLoop</stat>
</suite>
</statistics>
<errors>
<msg timestamp="20220530 10:22:50.972" level="WARN">Keyword 'Capture Page Screenshot' could not be run on failure: NoSuchWindowException: Message: no such window: target window already closed
from unknown error: web view not found
  (Session info: chrome=101.0.4951.67)
Stacktrace:
Backtrace:
	Ordinal0 [0x002BB8F3+2406643]
	Ordinal0 [0x0024AF31+1945393]
	Ordinal0 [0x0013C748+837448]
	Ordinal0 [0x001242B0+737968]
	Ordinal0 [0x00186C09+1141769]
	Ordinal0 [0x00193E22+1195554]
	Ordinal0 [0x00184096+1130646]
	Ordinal0 [0x0015E636+976438]
	Ordinal0 [0x0015F546+980294]
	GetHandleVerifier [0x00529612+2498066]
	GetHandleVerifier [0x0051C920+2445600]
	GetHandleVerifier [0x00354F2A+579370]
	GetHandleVerifier [0x00353D36+574774]
	Ordinal0 [0x00251C0B+1973259]
	Ordinal0 [0x00256688+1992328]
	Ordinal0 [0x00256775+1992565]
	Ordinal0 [0x0025F8D1+2029777]
	BaseThreadInitThunk [0x76816739+25]
	RtlGetFullPathName_UEx [0x77DF8FEF+1215]
	RtlGetFullPathName_UEx [0x77DF8FBD+1165]
	(No symbol) [0x00000000]
</msg>
<msg timestamp="20220530 10:23:49.693" level="WARN">Keyword 'Get Element Count' found both from a custom test library 'SeleniumLibrary' and a standard library 'XML'. The custom keyword is used. To select explicitly, and to get rid of this warning, use either 'SeleniumLibrary.Get Element Count' or 'XML.Get Element Count'.</msg>
<msg timestamp="20220530 10:23:49.753" level="WARN">Error in file 'C:\Users\parma\PycharmProjects\Automation\TestSuite\20GetAllLinks.robot' in FOR loop starting on line 14: For loop header ':FOR' is deprecated. Use 'FOR' instead.</msg>
<msg timestamp="20220530 10:23:49.753" level="WARN">Error in file 'C:\Users\parma\PycharmProjects\Automation\TestSuite\20GetAllLinks.robot' in FOR loop starting on line 14: Marking for loop body with '\' is deprecated. Remove markers and use 'END' instead.</msg>
<msg timestamp="20220530 10:23:52.028" level="WARN">Keyword 'Get Element Count' found both from a custom test library 'SeleniumLibrary' and a standard library 'XML'. The custom keyword is used. To select explicitly, and to get rid of this warning, use either 'SeleniumLibrary.Get Element Count' or 'XML.Get Element Count'.</msg>
<msg timestamp="20220530 10:23:52.044" level="WARN">Keyword 'Get Element Count' found both from a custom test library 'SeleniumLibrary' and a standard library 'XML'. The custom keyword is used. To select explicitly, and to get rid of this warning, use either 'SeleniumLibrary.Get Element Count' or 'XML.Get Element Count'.</msg>
<msg timestamp="20220530 10:24:01.394" level="WARN">Multiple test cases with name 'Right user wrong pass' executed in test suite 'Suites.22DDT1'.</msg>
<msg timestamp="20220530 10:23:32.597" level="WARN">Error in file 'C:\Users\parma\PycharmProjects\Automation\TestSuite\19ForLoop.robot' in FOR loop starting on line 3: For loop header ':FOR' is deprecated. Use 'FOR' instead.</msg>
<msg timestamp="20220530 10:23:32.597" level="WARN">Error in file 'C:\Users\parma\PycharmProjects\Automation\TestSuite\19ForLoop.robot' in FOR loop starting on line 3: Marking for loop body with '\' is deprecated. Remove markers and use 'END' instead.</msg>
<msg timestamp="20220530 10:23:32.604" level="WARN">Error in file 'C:\Users\parma\PycharmProjects\Automation\TestSuite\19ForLoop.robot' in FOR loop starting on line 7: For loop header ':FOR' is deprecated. Use 'FOR' instead.</msg>
<msg timestamp="20220530 10:23:32.604" level="WARN">Error in file 'C:\Users\parma\PycharmProjects\Automation\TestSuite\19ForLoop.robot' in FOR loop starting on line 7: Marking for loop body with '\' is deprecated. Remove markers and use 'END' instead.</msg>
<msg timestamp="20220530 10:23:32.606" level="WARN">Error in file 'C:\Users\parma\PycharmProjects\Automation\TestSuite\19ForLoop.robot' in FOR loop starting on line 12: For loop header ':FOR' is deprecated. Use 'FOR' instead.</msg>
<msg timestamp="20220530 10:23:32.606" level="WARN">Error in file 'C:\Users\parma\PycharmProjects\Automation\TestSuite\19ForLoop.robot' in FOR loop starting on line 12: Marking for loop body with '\' is deprecated. Remove markers and use 'END' instead.</msg>
<msg timestamp="20220530 10:23:32.607" level="WARN">Error in file 'C:\Users\parma\PycharmProjects\Automation\TestSuite\19ForLoop.robot' in FOR loop starting on line 16: For loop header ':FOR' is deprecated. Use 'FOR' instead.</msg>
<msg timestamp="20220530 10:23:32.607" level="WARN">Error in file 'C:\Users\parma\PycharmProjects\Automation\TestSuite\19ForLoop.robot' in FOR loop starting on line 16: Marking for loop body with '\' is deprecated. Remove markers and use 'END' instead.</msg>
<msg timestamp="20220530 10:23:32.610" level="WARN">Error in file 'C:\Users\parma\PycharmProjects\Automation\TestSuite\19ForLoop.robot' in FOR loop starting on line 21: For loop header ':FOR' is deprecated. Use 'FOR' instead.</msg>
<msg timestamp="20220530 10:23:32.610" level="WARN">Error in file 'C:\Users\parma\PycharmProjects\Automation\TestSuite\19ForLoop.robot' in FOR loop starting on line 21: Marking for loop body with '\' is deprecated. Remove markers and use 'END' instead.</msg>
<msg timestamp="20220530 10:23:32.612" level="WARN">Error in file 'C:\Users\parma\PycharmProjects\Automation\TestSuite\19ForLoop.robot' in FOR loop starting on line 26: For loop header ':FOR' is deprecated. Use 'FOR' instead.</msg>
<msg timestamp="20220530 10:23:32.612" level="WARN">Error in file 'C:\Users\parma\PycharmProjects\Automation\TestSuite\19ForLoop.robot' in FOR loop starting on line 26: Marking for loop body with '\' is deprecated. Remove markers and use 'END' instead.</msg>
</errors>
</robot>
