<?xml version="1.0" encoding="UTF-8"?>
<robot generator="Robot 3.2.2 (Python 3.9.0 on win32)" generated="20220530 10:23:20.756" rpa="false">
<suite id="s1" name="Suites">
<suite id="s1-s1" name="17Otherdirectory" source="C:\Users\parma\PycharmProjects\Automation\TestSuite\17Otherdirectory.robot">
<test id="s1-s1-t1" name="Userdefine Keywords TestCase one">
<kw name="LaunchBrowser" library="Resources">
<arguments>
<arg>${url}</arg>
<arg>${browser}</arg>
</arguments>
<assign>
<var>${PageTitle}</var>
</assign>
<kw name="Open Browser" library="SeleniumLibrary">
<doc>Opens a new browser instance to the given ``url``.</doc>
<arguments>
<arg>${appurl}</arg>
<arg>${appbrowser}</arg>
</arguments>
<msg timestamp="20220530 10:23:20.920" level="INFO">Opening browser 'chrome' to base url 'https://demo.guru99.com/test/newtours/'.</msg>
<status status="PASS" starttime="20220530 10:23:20.920" endtime="20220530 10:23:29.710"></status>
</kw>
<kw name="Maximize Browser Window" library="SeleniumLibrary">
<doc>Maximizes current browser window.</doc>
<status status="PASS" starttime="20220530 10:23:29.710" endtime="20220530 10:23:29.824"></status>
</kw>
<kw name="Get Title" library="SeleniumLibrary">
<doc>Returns the title of current page.</doc>
<assign>
<var>${title}</var>
</assign>
<msg timestamp="20220530 10:23:29.824" level="INFO">${title} = Welcome: Mercury Tours</msg>
<status status="PASS" starttime="20220530 10:23:29.824" endtime="20220530 10:23:29.824"></status>
</kw>
<msg timestamp="20220530 10:23:29.824" level="INFO">${PageTitle} = Welcome: Mercury Tours</msg>
<status status="PASS" starttime="20220530 10:23:20.919" endtime="20220530 10:23:29.824"></status>
</kw>
<kw name="Log To Console" library="BuiltIn">
<doc>Logs the given message to the console.</doc>
<arguments>
<arg>${PageTitle}</arg>
</arguments>
<status status="PASS" starttime="20220530 10:23:29.824" endtime="20220530 10:23:29.824"></status>
</kw>
<kw name="Input Text" library="SeleniumLibrary">
<doc>Types the given ``text`` into text field identified by ``locator``.</doc>
<arguments>
<arg>name:userName</arg>
<arg>bhavin</arg>
</arguments>
<msg timestamp="20220530 10:23:29.824" level="INFO">Typing text 'bhavin' into text field 'name:userName'.</msg>
<status status="PASS" starttime="20220530 10:23:29.824" endtime="20220530 10:23:29.918"></status>
</kw>
<kw name="Input Text" library="SeleniumLibrary">
<doc>Types the given ``text`` into text field identified by ``locator``.</doc>
<arguments>
<arg>name:password</arg>
<arg>password</arg>
</arguments>
<msg timestamp="20220530 10:23:29.919" level="INFO">Typing text 'password' into text field 'name:password'.</msg>
<status status="PASS" starttime="20220530 10:23:29.919" endtime="20220530 10:23:29.996"></status>
</kw>
<kw name="Close Browser" library="SeleniumLibrary">
<doc>Closes the current browser.</doc>
<status status="PASS" starttime="20220530 10:23:29.997" endtime="20220530 10:23:32.063"></status>
</kw>
<status status="PASS" starttime="20220530 10:23:20.919" endtime="20220530 10:23:32.063" critical="yes"></status>
</test>
<status status="PASS" starttime="20220530 10:23:20.779" endtime="20220530 10:23:32.064"></status>
</suite>
<status status="PASS" starttime="20220530 10:23:20.763" endtime="20220530 10:23:32.066"></status>
</suite>
<statistics>
<total>
<stat pass="1" fail="0">Critical Tests</stat>
<stat pass="1" fail="0">All Tests</stat>
</total>
<tag>
</tag>
<suite>
<stat pass="1" fail="0" id="s1" name="Suites">Suites</stat>
<stat pass="1" fail="0" id="s1-s1" name="17Otherdirectory">Suites.17Otherdirectory</stat>
</suite>
</statistics>
<errors>
</errors>
</robot>
