<?xml version="1.0" encoding="UTF-8"?>
<robot generator="Robot 3.2.2 (Python 3.9.0 on win32)" generated="20220530 10:24:30.964" rpa="false">
<suite id="s1" name="Suites">
<suite id="s1-s1" name="25Tagging" source="C:\Users\parma\PycharmProjects\Automation\TestSuite\25Tagging.robot">
<test id="s1-s1-t1" name="TC1 User RegistrationTest">
<kw name="Log To Console" library="BuiltIn">
<doc>Logs the given message to the console.</doc>
<arguments>
<arg>this is user registration test</arg>
</arguments>
<status status="PASS" starttime="20220530 10:24:30.996" endtime="20220530 10:24:30.997"></status>
</kw>
<kw name="Log To Console" library="BuiltIn">
<doc>Logs the given message to the console.</doc>
<arguments>
<arg>user registration</arg>
<arg>is over</arg>
</arguments>
<status status="PASS" starttime="20220530 10:24:30.997" endtime="20220530 10:24:30.998"></status>
</kw>
<tags>
<tag>sanity</tag>
</tags>
<status status="PASS" starttime="20220530 10:24:30.996" endtime="20220530 10:24:30.998" critical="yes"></status>
</test>
<test id="s1-s1-t2" name="TC2 User LoginTest">
<kw name="Log To Console" library="BuiltIn">
<doc>Logs the given message to the console.</doc>
<arguments>
<arg>this</arg>
<arg>is log in</arg>
</arguments>
<status status="PASS" starttime="20220530 10:24:31.000" endtime="20220530 10:24:31.001"></status>
</kw>
<kw name="Log To Console" library="BuiltIn">
<doc>Logs the given message to the console.</doc>
<arguments>
<arg>login test is over</arg>
</arguments>
<status status="PASS" starttime="20220530 10:24:31.001" endtime="20220530 10:24:31.001"></status>
</kw>
<tags>
<tag>senity</tag>
</tags>
<status status="PASS" starttime="20220530 10:24:30.999" endtime="20220530 10:24:31.001" critical="yes"></status>
</test>
<test id="s1-s1-t3" name="TC3 Change user settings">
<kw name="Log To Console" library="BuiltIn">
<doc>Logs the given message to the console.</doc>
<arguments>
<arg>this is changing user setting test</arg>
</arguments>
<status status="PASS" starttime="20220530 10:24:31.002" endtime="20220530 10:24:31.002"></status>
</kw>
<kw name="Log To Console" library="BuiltIn">
<doc>Logs the given message to the console.</doc>
<arguments>
<arg>chnage is user test is over</arg>
</arguments>
<status status="PASS" starttime="20220530 10:24:31.002" endtime="20220530 10:24:31.002"></status>
</kw>
<tags>
<tag>regression</tag>
</tags>
<status status="PASS" starttime="20220530 10:24:31.002" endtime="20220530 10:24:31.002" critical="yes"></status>
</test>
<test id="s1-s1-t4" name="TC4 Logout Test">
<kw name="Log To Console" library="BuiltIn">
<doc>Logs the given message to the console.</doc>
<arguments>
<arg>this is logout test</arg>
</arguments>
<status status="PASS" starttime="20220530 10:24:31.003" endtime="20220530 10:24:31.003"></status>
</kw>
<kw name="Log To Console" library="BuiltIn">
<doc>Logs the given message to the console.</doc>
<arguments>
<arg>log out test is over</arg>
</arguments>
<status status="PASS" starttime="20220530 10:24:31.003" endtime="20220530 10:24:31.003"></status>
</kw>
<tags>
<tag>sanity</tag>
</tags>
<status status="PASS" starttime="20220530 10:24:31.003" endtime="20220530 10:24:31.004" critical="yes"></status>
</test>
<status status="PASS" starttime="20220530 10:24:30.993" endtime="20220530 10:24:31.004"></status>
</suite>
<status status="PASS" starttime="20220530 10:24:30.973" endtime="20220530 10:24:31.005"></status>
</suite>
<statistics>
<total>
<stat pass="4" fail="0">Critical Tests</stat>
<stat pass="4" fail="0">All Tests</stat>
</total>
<tag>
<stat pass="1" fail="0">regression</stat>
<stat pass="2" fail="0">sanity</stat>
<stat pass="1" fail="0">senity</stat>
</tag>
<suite>
<stat pass="4" fail="0" id="s1" name="Suites">Suites</stat>
<stat pass="4" fail="0" id="s1-s1" name="25Tagging">Suites.25Tagging</stat>
</suite>
</statistics>
<errors>
</errors>
</robot>
