<?xml version="1.0" encoding="UTF-8"?>
<robot generator="Robot 3.2.2 (Python 3.9.0 on win32)" generated="20220530 10:24:48.439" rpa="false">
<suite id="s1" name="Suites">
<suite id="s1-s1" name="6Waits" source="C:\Users\parma\PycharmProjects\Automation\TestSuite\6Waits.robot">
<test id="s1-s1-t1" name="RegTest">
<kw name="Open Browser" library="SeleniumLibrary">
<doc>Opens a new browser instance to the given ``url``.</doc>
<arguments>
<arg>http://demowebshop.tricentis.com/register</arg>
<arg>chrome</arg>
</arguments>
<msg timestamp="20220530 10:24:48.629" level="INFO">Opening browser 'chrome' to base url 'http://demowebshop.tricentis.com/register'.</msg>
<status status="PASS" starttime="20220530 10:24:48.629" endtime="20220530 10:24:53.940"></status>
</kw>
<kw name="Maximize Browser Window" library="SeleniumLibrary">
<doc>Maximizes current browser window.</doc>
<status status="PASS" starttime="20220530 10:24:53.940" endtime="20220530 10:24:54.120"></status>
</kw>
<kw name="Set Selenium Implicit Wait" library="SeleniumLibrary">
<doc>Sets the implicit wait value used by Selenium.</doc>
<arguments>
<arg>10 seconds</arg>
</arguments>
<status status="PASS" starttime="20220530 10:24:54.120" endtime="20220530 10:24:54.137"></status>
</kw>
<kw name="Get Selenium Implicit Wait" library="SeleniumLibrary">
<doc>Gets the implicit wait value used by Selenium.</doc>
<assign>
<var>${implicitwait}</var>
</assign>
<msg timestamp="20220530 10:24:54.138" level="INFO">${implicitwait} = 10 seconds</msg>
<status status="PASS" starttime="20220530 10:24:54.138" endtime="20220530 10:24:54.138"></status>
</kw>
<kw name="Log To Console" library="BuiltIn">
<doc>Logs the given message to the console.</doc>
<arguments>
<arg>${implicitwait}</arg>
</arguments>
<status status="PASS" starttime="20220530 10:24:54.139" endtime="20220530 10:24:54.140"></status>
</kw>
<kw name="Select Radio Button" library="SeleniumLibrary">
<doc>Sets radio button group ``group_name`` to ``value``.</doc>
<arguments>
<arg>Gender</arg>
<arg>M</arg>
</arguments>
<msg timestamp="20220530 10:24:54.141" level="INFO">Selecting 'M' from radio button 'Gender'.</msg>
<status status="PASS" starttime="20220530 10:24:54.140" endtime="20220530 10:24:54.329"></status>
</kw>
<kw name="Input Text" library="SeleniumLibrary">
<doc>Types the given ``text`` into text field identified by ``locator``.</doc>
<arguments>
<arg>name:FirstName</arg>
<arg>bhavin</arg>
</arguments>
<msg timestamp="20220530 10:24:54.330" level="INFO">Typing text 'bhavin' into text field 'name:FirstName'.</msg>
<status status="PASS" starttime="20220530 10:24:54.329" endtime="20220530 10:24:54.524"></status>
</kw>
<kw name="Input Text" library="SeleniumLibrary">
<doc>Types the given ``text`` into text field identified by ``locator``.</doc>
<arguments>
<arg>name:LastName</arg>
<arg>parmar</arg>
</arguments>
<msg timestamp="20220530 10:24:54.525" level="INFO">Typing text 'parmar' into text field 'name:LastName'.</msg>
<status status="PASS" starttime="20220530 10:24:54.525" endtime="20220530 10:24:54.761"></status>
</kw>
<kw name="Input Text" library="SeleniumLibrary">
<doc>Types the given ``text`` into text field identified by ``locator``.</doc>
<arguments>
<arg>name:Email</arg>
<arg>parmarbhavin@gmail.com</arg>
</arguments>
<msg timestamp="20220530 10:24:54.764" level="INFO">Typing text 'parmarbhavin@gmail.com' into text field 'name:Email'.</msg>
<status status="PASS" starttime="20220530 10:24:54.762" endtime="20220530 10:24:55.103"></status>
</kw>
<kw name="Input Text" library="SeleniumLibrary">
<doc>Types the given ``text`` into text field identified by ``locator``.</doc>
<arguments>
<arg>name:Password</arg>
<arg>bhavin619</arg>
</arguments>
<msg timestamp="20220530 10:24:55.104" level="INFO">Typing text 'bhavin619' into text field 'name:Password'.</msg>
<status status="PASS" starttime="20220530 10:24:55.103" endtime="20220530 10:24:55.238"></status>
</kw>
<kw name="Input Text" library="SeleniumLibrary">
<doc>Types the given ``text`` into text field identified by ``locator``.</doc>
<arguments>
<arg>name:ConfirmPassword</arg>
<arg>bhavin619</arg>
</arguments>
<msg timestamp="20220530 10:24:55.239" level="INFO">Typing text 'bhavin619' into text field 'name:ConfirmPassword'.</msg>
<status status="PASS" starttime="20220530 10:24:55.238" endtime="20220530 10:24:55.348"></status>
</kw>
<status status="PASS" starttime="20220530 10:24:48.628" endtime="20220530 10:24:55.348" critical="yes"></status>
</test>
<status status="PASS" starttime="20220530 10:24:48.466" endtime="20220530 10:24:55.349"></status>
</suite>
<status status="PASS" starttime="20220530 10:24:48.448" endtime="20220530 10:24:55.352"></status>
</suite>
<statistics>
<total>
<stat pass="1" fail="0">Critical Tests</stat>
<stat pass="1" fail="0">All Tests</stat>
</total>
<tag>
</tag>
<suite>
<stat pass="1" fail="0" id="s1" name="Suites">Suites</stat>
<stat pass="1" fail="0" id="s1-s1" name="6Waits">Suites.6Waits</stat>
</suite>
</statistics>
<errors>
</errors>
</robot>
