<?xml version="1.0" encoding="UTF-8"?>
<robot generator="Robot 3.2.2 (Python 3.9.0 on win32)" generated="20220530 10:24:42.795" rpa="false">
<suite id="s1" name="Suites">
<suite id="s1-s1" name="4RadioButtons" source="C:\Users\parma\PycharmProjects\Automation\TestSuite\4RadioButtons.robot">
<test id="s1-s1-t1" name="Testing Radio Buttons and Check Boxes">
<kw name="Open Browser" library="SeleniumLibrary">
<doc>Opens a new browser instance to the given ``url``.</doc>
<arguments>
<arg>${url}</arg>
<arg>${browser}</arg>
</arguments>
<msg timestamp="20220530 10:24:42.978" level="INFO">Opening browser 'chrome' to base url 'https://artoftesting.com/samplesiteforselenium'.</msg>
<status status="PASS" starttime="20220530 10:24:42.977" endtime="20220530 10:24:47.038"></status>
</kw>
<kw name="Maximize Browser Window" library="SeleniumLibrary">
<doc>Maximizes current browser window.</doc>
<status status="PASS" starttime="20220530 10:24:47.038" endtime="20220530 10:24:47.165"></status>
</kw>
<kw name="Select Radio Button" library="SeleniumLibrary">
<doc>Sets radio button group ``group_name`` to ``value``.</doc>
<arguments>
<arg>gender</arg>
<arg>female</arg>
</arguments>
<msg timestamp="20220530 10:24:47.166" level="INFO">Selecting 'female' from radio button 'gender'.</msg>
<status status="PASS" starttime="20220530 10:24:47.165" endtime="20220530 10:24:47.333"></status>
</kw>
<kw name="Select Checkbox" library="SeleniumLibrary">
<doc>Selects checkbox identified by ``locator``.</doc>
<arguments>
<arg>Automation</arg>
</arguments>
<msg timestamp="20220530 10:24:47.335" level="INFO">Selecting checkbox 'Automation'.</msg>
<status status="PASS" starttime="20220530 10:24:47.334" endtime="20220530 10:24:47.508"></status>
</kw>
<kw name="Select Checkbox" library="SeleniumLibrary">
<doc>Selects checkbox identified by ``locator``.</doc>
<arguments>
<arg>Performance</arg>
</arguments>
<msg timestamp="20220530 10:24:47.510" level="INFO">Selecting checkbox 'Performance'.</msg>
<status status="PASS" starttime="20220530 10:24:47.509" endtime="20220530 10:24:47.628"></status>
</kw>
<kw name="Unselect Checkbox" library="SeleniumLibrary">
<doc>Removes selection of checkbox identified by ``locator``.</doc>
<arguments>
<arg>Performance</arg>
</arguments>
<msg timestamp="20220530 10:24:47.630" level="INFO">Unselecting checkbox 'Performance'.</msg>
<status status="PASS" starttime="20220530 10:24:47.629" endtime="20220530 10:24:47.826"></status>
</kw>
<status status="PASS" starttime="20220530 10:24:42.977" endtime="20220530 10:24:47.826" critical="yes"></status>
</test>
<status status="PASS" starttime="20220530 10:24:42.820" endtime="20220530 10:24:47.827"></status>
</suite>
<status status="PASS" starttime="20220530 10:24:42.803" endtime="20220530 10:24:47.830"></status>
</suite>
<statistics>
<total>
<stat pass="1" fail="0">Critical Tests</stat>
<stat pass="1" fail="0">All Tests</stat>
</total>
<tag>
</tag>
<suite>
<stat pass="1" fail="0" id="s1" name="Suites">Suites</stat>
<stat pass="1" fail="0" id="s1-s1" name="4RadioButtons">Suites.4RadioButtons</stat>
</suite>
</statistics>
<errors>
</errors>
</robot>
