<?xml version="1.0" encoding="UTF-8"?>
<robot generator="Robot 3.2.2 (Python 3.9.0 on win32)" generated="20220530 10:22:51.295" rpa="false">
<suite id="s1" name="Suites">
<suite id="s1-s1" name="12NavigateKeywords" source="C:\Users\parma\PycharmProjects\Automation\TestSuite\12NavigateKeywords.robot">
<test id="s1-s1-t1" name="Navigation Test">
<kw name="Open Browser" library="SeleniumLibrary">
<doc>Opens a new browser instance to the given ``url``.</doc>
<arguments>
<arg>http://www.google.com/</arg>
<arg>chrome</arg>
</arguments>
<msg timestamp="20220530 10:22:51.519" level="INFO">Opening browser 'chrome' to base url 'http://www.google.com/'.</msg>
<status status="PASS" starttime="20220530 10:22:51.519" endtime="20220530 10:22:56.105"></status>
</kw>
<kw name="Get Location" library="SeleniumLibrary">
<doc>Returns the current browser URL.</doc>
<assign>
<var>${loc}</var>
</assign>
<msg timestamp="20220530 10:22:56.120" level="INFO">${loc} = https://www.google.com/?gws_rd=ssl</msg>
<status status="PASS" starttime="20220530 10:22:56.106" endtime="20220530 10:22:56.121"></status>
</kw>
<kw name="Log To Console" library="BuiltIn">
<doc>Logs the given message to the console.</doc>
<arguments>
<arg>${loc}</arg>
</arguments>
<status status="PASS" starttime="20220530 10:22:56.121" endtime="20220530 10:22:56.122"></status>
</kw>
<kw name="Sleep" library="BuiltIn">
<doc>Pauses the test executed for the given time.</doc>
<arguments>
<arg>2</arg>
</arguments>
<msg timestamp="20220530 10:22:58.134" level="INFO">Slept 2 seconds</msg>
<status status="PASS" starttime="20220530 10:22:56.122" endtime="20220530 10:22:58.135"></status>
</kw>
<kw name="Go To" library="SeleniumLibrary">
<doc>Navigates the active browser instance to the provided ``url``.</doc>
<arguments>
<arg>http://www.bing.com/</arg>
</arguments>
<msg timestamp="20220530 10:22:58.136" level="INFO">Opening url 'http://www.bing.com/'</msg>
<status status="PASS" starttime="20220530 10:22:58.135" endtime="20220530 10:22:58.791"></status>
</kw>
<kw name="Get Location" library="SeleniumLibrary">
<doc>Returns the current browser URL.</doc>
<assign>
<var>${loc}</var>
</assign>
<msg timestamp="20220530 10:22:58.802" level="INFO">${loc} = https://www.bing.com/</msg>
<status status="PASS" starttime="20220530 10:22:58.792" endtime="20220530 10:22:58.802"></status>
</kw>
<kw name="Log To Console" library="BuiltIn">
<doc>Logs the given message to the console.</doc>
<arguments>
<arg>${loc}</arg>
</arguments>
<status status="PASS" starttime="20220530 10:22:58.802" endtime="20220530 10:22:58.803"></status>
</kw>
<kw name="Sleep" library="BuiltIn">
<doc>Pauses the test executed for the given time.</doc>
<arguments>
<arg>2</arg>
</arguments>
<msg timestamp="20220530 10:23:00.806" level="INFO">Slept 2 seconds</msg>
<status status="PASS" starttime="20220530 10:22:58.803" endtime="20220530 10:23:00.806"></status>
</kw>
<kw name="Go Back" library="SeleniumLibrary">
<doc>Simulates the user clicking the back button on their browser.</doc>
<status status="PASS" starttime="20220530 10:23:00.806" endtime="20220530 10:23:01.455"></status>
</kw>
<kw name="Get Location" library="SeleniumLibrary">
<doc>Returns the current browser URL.</doc>
<assign>
<var>${loc}</var>
</assign>
<msg timestamp="20220530 10:23:01.459" level="INFO">${loc} = https://www.google.com/?gws_rd=ssl</msg>
<status status="PASS" starttime="20220530 10:23:01.456" endtime="20220530 10:23:01.459"></status>
</kw>
<kw name="Log To Console" library="BuiltIn">
<doc>Logs the given message to the console.</doc>
<arguments>
<arg>${loc}</arg>
</arguments>
<status status="PASS" starttime="20220530 10:23:01.459" endtime="20220530 10:23:01.460"></status>
</kw>
<kw name="Sleep" library="BuiltIn">
<doc>Pauses the test executed for the given time.</doc>
<arguments>
<arg>2</arg>
</arguments>
<msg timestamp="20220530 10:23:03.461" level="INFO">Slept 2 seconds</msg>
<status status="PASS" starttime="20220530 10:23:01.460" endtime="20220530 10:23:03.461"></status>
</kw>
<kw name="Close Browser" library="SeleniumLibrary">
<doc>Closes the current browser.</doc>
<status status="PASS" starttime="20220530 10:23:03.461" endtime="20220530 10:23:05.596"></status>
</kw>
<status status="PASS" starttime="20220530 10:22:51.519" endtime="20220530 10:23:05.596" critical="yes"></status>
</test>
<status status="PASS" starttime="20220530 10:22:51.331" endtime="20220530 10:23:05.597"></status>
</suite>
<status status="PASS" starttime="20220530 10:22:51.305" endtime="20220530 10:23:05.599"></status>
</suite>
<statistics>
<total>
<stat pass="1" fail="0">Critical Tests</stat>
<stat pass="1" fail="0">All Tests</stat>
</total>
<tag>
</tag>
<suite>
<stat pass="1" fail="0" id="s1" name="Suites">Suites</stat>
<stat pass="1" fail="0" id="s1-s1" name="12NavigateKeywords">Suites.12NavigateKeywords</stat>
</suite>
</statistics>
<errors>
</errors>
</robot>
