<?xml version="1.0" encoding="UTF-8"?>
<robot generator="Robot 3.2.2 (Python 3.9.0 on win32)" generated="20220530 10:23:40.897" rpa="false">
<suite id="s1" name="Suites">
<suite id="s1-s1" name="21TableDemo" source="C:\Users\parma\PycharmProjects\Automation\TestSuite\21TableDemo.robot">
<test id="s1-s1-t1" name="TableValidations">
<kw name="Open Browser" library="SeleniumLibrary">
<doc>Opens a new browser instance to the given ``url``.</doc>
<arguments>
<arg>https://testautomationpractice.blogspot.com/</arg>
<arg>chrome</arg>
</arguments>
<msg timestamp="20220530 10:23:41.539" level="INFO">Opening browser 'chrome' to base url 'https://testautomationpractice.blogspot.com/'.</msg>
<status status="PASS" starttime="20220530 10:23:41.538" endtime="20220530 10:23:51.904"></status>
</kw>
<kw name="Maximize Browser Window" library="SeleniumLibrary">
<doc>Maximizes current browser window.</doc>
<status status="PASS" starttime="20220530 10:23:51.904" endtime="20220530 10:23:52.027"></status>
</kw>
<kw name="Get Element Count" library="SeleniumLibrary">
<doc>Returns number of elements matching ``locator``.</doc>
<arguments>
<arg>xpath://table[@name='BookTable']/tbody/tr</arg>
</arguments>
<assign>
<var>${rows}</var>
</assign>
<msg timestamp="20220530 10:23:52.028" level="WARN">Keyword 'Get Element Count' found both from a custom test library 'SeleniumLibrary' and a standard library 'XML'. The custom keyword is used. To select explicitly, and to get rid of this warning, use either 'SeleniumLibrary.Get Element Count' or 'XML.Get Element Count'.</msg>
<msg timestamp="20220530 10:23:52.043" level="INFO">${rows} = 7</msg>
<status status="PASS" starttime="20220530 10:23:52.028" endtime="20220530 10:23:52.043"></status>
</kw>
<kw name="Get Element Count" library="SeleniumLibrary">
<doc>Returns number of elements matching ``locator``.</doc>
<arguments>
<arg>xpath://table[@name='BookTable']/tbody/tr[1]/th</arg>
</arguments>
<assign>
<var>${cols}</var>
</assign>
<msg timestamp="20220530 10:23:52.044" level="WARN">Keyword 'Get Element Count' found both from a custom test library 'SeleniumLibrary' and a standard library 'XML'. The custom keyword is used. To select explicitly, and to get rid of this warning, use either 'SeleniumLibrary.Get Element Count' or 'XML.Get Element Count'.</msg>
<msg timestamp="20220530 10:23:52.054" level="INFO">${cols} = 4</msg>
<status status="PASS" starttime="20220530 10:23:52.044" endtime="20220530 10:23:52.054"></status>
</kw>
<kw name="Log To Console" library="BuiltIn">
<doc>Logs the given message to the console.</doc>
<arguments>
<arg>${rows}</arg>
</arguments>
<status status="PASS" starttime="20220530 10:23:52.054" endtime="20220530 10:23:52.055"></status>
</kw>
<kw name="Log To Console" library="BuiltIn">
<doc>Logs the given message to the console.</doc>
<arguments>
<arg>${cols}</arg>
</arguments>
<status status="PASS" starttime="20220530 10:23:52.055" endtime="20220530 10:23:52.055"></status>
</kw>
<kw name="Get Text" library="SeleniumLibrary">
<doc>Returns the text value of element identified by ``locator``.</doc>
<arguments>
<arg>xpath://table[@name='BookTable']/tbody/tr[5]/td[1]</arg>
</arguments>
<assign>
<var>${data}</var>
</assign>
<msg timestamp="20220530 10:23:52.076" level="INFO">${data} = Master In Selenium</msg>
<status status="PASS" starttime="20220530 10:23:52.055" endtime="20220530 10:23:52.076"></status>
</kw>
<kw name="Log To Console" library="BuiltIn">
<doc>Logs the given message to the console.</doc>
<arguments>
<arg>${data}</arg>
</arguments>
<status status="PASS" starttime="20220530 10:23:52.076" endtime="20220530 10:23:52.077"></status>
</kw>
<kw name="Table Column Should Contain" library="SeleniumLibrary">
<doc>Verifies table column contains text ``expected``.</doc>
<arguments>
<arg>xpath://table[@name='BookTable']</arg>
<arg>2</arg>
<arg>Author</arg>
</arguments>
<status status="PASS" starttime="20220530 10:23:52.077" endtime="20220530 10:23:52.114"></status>
</kw>
<kw name="Table Row Should Contain" library="SeleniumLibrary">
<doc>Verifies that table row contains text ``expected``.</doc>
<arguments>
<arg>xpath://table[@name='BookTable']</arg>
<arg>4</arg>
<arg>Learn JS</arg>
</arguments>
<status status="PASS" starttime="20220530 10:23:52.114" endtime="20220530 10:23:52.148"></status>
</kw>
<kw name="Table Cell Should Contain" library="SeleniumLibrary">
<doc>Verifies table cell contains text ``expected``.</doc>
<arguments>
<arg>xpath://table[@name='BookTable']</arg>
<arg>5</arg>
<arg>2</arg>
<arg>Mukesh</arg>
</arguments>
<msg timestamp="20220530 10:23:52.196" level="INFO">Table cell contains 'Mukesh'.</msg>
<status status="PASS" starttime="20220530 10:23:52.149" endtime="20220530 10:23:52.196"></status>
</kw>
<kw name="Table Header Should Contain" library="SeleniumLibrary">
<doc>Verifies table header contains text ``expected``.</doc>
<arguments>
<arg>xpath://table[@name='BookTable']</arg>
<arg>BookName</arg>
</arguments>
<status status="PASS" starttime="20220530 10:23:52.196" endtime="20220530 10:23:52.228"></status>
</kw>
<kw name="Close Browser" library="SeleniumLibrary">
<doc>Closes the current browser.</doc>
<status status="PASS" starttime="20220530 10:23:52.228" endtime="20220530 10:23:54.329"></status>
</kw>
<status status="PASS" starttime="20220530 10:23:41.538" endtime="20220530 10:23:54.330" critical="yes"></status>
</test>
<status status="PASS" starttime="20220530 10:23:40.927" endtime="20220530 10:23:54.331"></status>
</suite>
<status status="PASS" starttime="20220530 10:23:40.906" endtime="20220530 10:23:54.332"></status>
</suite>
<statistics>
<total>
<stat pass="1" fail="0">Critical Tests</stat>
<stat pass="1" fail="0">All Tests</stat>
</total>
<tag>
</tag>
<suite>
<stat pass="1" fail="0" id="s1" name="Suites">Suites</stat>
<stat pass="1" fail="0" id="s1-s1" name="21TableDemo">Suites.21TableDemo</stat>
</suite>
</statistics>
<errors>
<msg timestamp="20220530 10:23:52.028" level="WARN">Keyword 'Get Element Count' found both from a custom test library 'SeleniumLibrary' and a standard library 'XML'. The custom keyword is used. To select explicitly, and to get rid of this warning, use either 'SeleniumLibrary.Get Element Count' or 'XML.Get Element Count'.</msg>
<msg timestamp="20220530 10:23:52.044" level="WARN">Keyword 'Get Element Count' found both from a custom test library 'SeleniumLibrary' and a standard library 'XML'. The custom keyword is used. To select explicitly, and to get rid of this warning, use either 'SeleniumLibrary.Get Element Count' or 'XML.Get Element Count'.</msg>
</errors>
</robot>
