<?xml version="1.0" encoding="UTF-8"?>
<robot generator="Robot 3.2.2 (Python 3.9.0 on win32)" generated="20220530 10:24:55.403" rpa="false">
<suite id="s1" name="Suites">
<suite id="s1-s1" name="7CloseBrowser" source="C:\Users\parma\PycharmProjects\Automation\TestSuite\7CloseBrowser.robot">
<test id="s1-s1-t1" name="Just Test Case">
<kw name="Open Browser" library="SeleniumLibrary">
<doc>Opens a new browser instance to the given ``url``.</doc>
<arguments>
<arg>https://www.amazon.in/</arg>
<arg>chrome</arg>
</arguments>
<msg timestamp="20220530 10:24:55.803" level="INFO">Opening browser 'chrome' to base url 'https://www.amazon.in/'.</msg>
<status status="PASS" starttime="20220530 10:24:55.803" endtime="20220530 10:25:02.687"></status>
</kw>
<kw name="Maximize Browser Window" library="SeleniumLibrary">
<doc>Maximizes current browser window.</doc>
<status status="PASS" starttime="20220530 10:25:02.688" endtime="20220530 10:25:03.009"></status>
</kw>
<kw name="Sleep" library="BuiltIn">
<doc>Pauses the test executed for the given time.</doc>
<arguments>
<arg>3 seconds</arg>
</arguments>
<msg timestamp="20220530 10:25:06.023" level="INFO">Slept 3 seconds</msg>
<status status="PASS" starttime="20220530 10:25:03.009" endtime="20220530 10:25:06.024"></status>
</kw>
<kw name="Open Browser" library="SeleniumLibrary">
<doc>Opens a new browser instance to the given ``url``.</doc>
<arguments>
<arg>https://www.flipkart.com/</arg>
<arg>chrome</arg>
</arguments>
<msg timestamp="20220530 10:25:06.026" level="INFO">Opening browser 'chrome' to base url 'https://www.flipkart.com/'.</msg>
<status status="PASS" starttime="20220530 10:25:06.025" endtime="20220530 10:25:12.093"></status>
</kw>
<kw name="Maximize Browser Window" library="SeleniumLibrary">
<doc>Maximizes current browser window.</doc>
<status status="PASS" starttime="20220530 10:25:12.094" endtime="20220530 10:25:12.356"></status>
</kw>
<kw name="Sleep" library="BuiltIn">
<doc>Pauses the test executed for the given time.</doc>
<arguments>
<arg>3 seconds</arg>
</arguments>
<msg timestamp="20220530 10:25:15.364" level="INFO">Slept 3 seconds</msg>
<status status="PASS" starttime="20220530 10:25:12.356" endtime="20220530 10:25:15.364"></status>
</kw>
<kw name="Close All Browsers" library="SeleniumLibrary">
<doc>Closes all open browsers and resets the browser cache.</doc>
<status status="PASS" starttime="20220530 10:25:15.364" endtime="20220530 10:25:19.805"></status>
</kw>
<status status="PASS" starttime="20220530 10:24:55.801" endtime="20220530 10:25:19.805" critical="yes"></status>
</test>
<status status="PASS" starttime="20220530 10:24:55.450" endtime="20220530 10:25:19.807"></status>
</suite>
<status status="PASS" starttime="20220530 10:24:55.419" endtime="20220530 10:25:19.809"></status>
</suite>
<statistics>
<total>
<stat pass="1" fail="0">Critical Tests</stat>
<stat pass="1" fail="0">All Tests</stat>
</total>
<tag>
</tag>
<suite>
<stat pass="1" fail="0" id="s1" name="Suites">Suites</stat>
<stat pass="1" fail="0" id="s1-s1" name="7CloseBrowser">Suites.7CloseBrowser</stat>
</suite>
</statistics>
<errors>
</errors>
</robot>
